TN:
SF:/Users/nabric/workspace/amadeus-video-player/src/scripts/player.ts
FN:34,(anonymous_3)
FN:97,Player
FN:170,booleanFn
FN:171,resFn
FN:185,(anonymous_10)
FN:241,(anonymous_13)
FN:244,(anonymous_14)
FN:311,(anonymous_16)
FN:312,(anonymous_17)
FN:324,(anonymous_18)
FN:369,(anonymous_21)
FN:376,onMarkerClick
FN:392,(anonymous_24)
FN:395,text
FN:417,(anonymous_28)
FN:437,(anonymous_30)
FN:439,fn
FN:458,(anonymous_33)
FN:476,(anonymous_35)
FN:484,(anonymous_37)
FN:539,_fn
FN:546,fn
FN:586,(anonymous_49)
FN:714,(anonymous_58)
FN:755,(anonymous_61)
FN:807,(anonymous_64)
FN:913,(anonymous_75)
FN:938,(anonymous_77)
FN:960,(anonymous_79)
FN:961,(anonymous_80)
FN:967,(anonymous_82)
FN:968,(anonymous_83)
FN:1033,(anonymous_91)
FN:1041,(anonymous_93)
FN:1055,(anonymous_95)
FNF:35
FNH:28
FNDA:1,(anonymous_3)
FNDA:20,Player
FNDA:0,booleanFn
FNDA:2,resFn
FNDA:2,(anonymous_10)
FNDA:19,(anonymous_13)
FNDA:1,(anonymous_14)
FNDA:19,(anonymous_16)
FNDA:152,(anonymous_17)
FNDA:24,(anonymous_18)
FNDA:1,(anonymous_21)
FNDA:0,onMarkerClick
FNDA:0,(anonymous_24)
FNDA:0,text
FNDA:44,(anonymous_28)
FNDA:133,(anonymous_30)
FNDA:0,fn
FNDA:144,(anonymous_33)
FNDA:78,(anonymous_35)
FNDA:78,(anonymous_37)
FNDA:12,_fn
FNDA:12,fn
FNDA:2,(anonymous_49)
FNDA:1,(anonymous_58)
FNDA:2,(anonymous_61)
FNDA:3,(anonymous_64)
FNDA:1,(anonymous_75)
FNDA:242,(anonymous_77)
FNDA:122,(anonymous_79)
FNDA:122,(anonymous_80)
FNDA:120,(anonymous_82)
FNDA:120,(anonymous_83)
FNDA:0,(anonymous_91)
FNDA:6,(anonymous_93)
FNDA:0,(anonymous_95)
DA:3,1
DA:5,1
DA:7,1
DA:8,1
DA:9,1
DA:10,1
DA:11,1
DA:12,1
DA:13,1
DA:18,1
DA:19,1
DA:20,1
DA:21,1
DA:22,1
DA:23,1
DA:24,1
DA:25,1
DA:26,1
DA:34,1
DA:35,1
DA:36,1
DA:37,1
DA:50,20
DA:52,20
DA:54,20
DA:57,20
DA:59,20
DA:62,20
DA:65,20
DA:97,20
DA:98,20
DA:100,20
DA:101,20
DA:102,20
DA:103,20
DA:106,20
DA:108,20
DA:109,1
DA:112,20
DA:113,20
DA:116,20
DA:117,20
DA:119,20
DA:124,20
DA:125,0
DA:128,20
DA:129,0
DA:137,20
DA:139,20
DA:140,0
DA:142,20
DA:143,20
DA:145,0
DA:148,0
DA:154,102
DA:155,102
DA:156,6
DA:166,1
DA:167,1
DA:168,1
DA:169,1
DA:170,1
DA:171,2
DA:173,1
DA:174,1
DA:175,1
DA:177,1
DA:178,1
DA:179,1
DA:180,1
DA:182,1
DA:184,1
DA:185,1
DA:186,2
DA:187,2
DA:188,2
DA:189,2
DA:191,2
DA:193,1
DA:194,1
DA:197,0
DA:199,1
DA:213,16
DA:214,16
DA:215,16
DA:216,7
DA:218,16
DA:222,20
DA:223,20
DA:224,20
DA:228,20
DA:229,20
DA:230,1
DA:231,0
DA:233,1
DA:235,19
DA:236,0
DA:238,19
DA:240,20
DA:241,20
DA:242,19
DA:243,19
DA:245,1
DA:246,1
DA:251,19
DA:252,19
DA:253,0
DA:255,19
DA:279,19
DA:280,0
DA:285,19
DA:287,2
DA:288,0
DA:290,2
DA:291,2
DA:292,1
DA:295,2
DA:296,2
DA:300,19
DA:301,19
DA:302,0
DA:303,0
DA:305,0
DA:307,19
DA:311,19
DA:312,152
DA:313,19
DA:316,19
DA:319,19
DA:321,19
DA:322,0
DA:324,19
DA:325,24
DA:326,1
DA:329,19
DA:330,19
DA:333,19
DA:334,1
DA:335,0
DA:337,1
DA:340,19
DA:342,19
DA:343,19
DA:344,19
DA:348,19
DA:349,19
DA:356,20
DA:357,20
DA:358,20
DA:359,20
DA:360,19
DA:361,19
DA:362,19
DA:367,1
DA:368,1
DA:369,1
DA:370,1
DA:376,19
DA:377,0
DA:380,0
DA:381,0
DA:382,0
DA:383,0
DA:384,0
DA:385,0
DA:388,0
DA:391,19
DA:396,0
DA:402,19
DA:403,0
DA:405,19
DA:411,19
DA:415,19
DA:416,19
DA:417,19
DA:418,44
DA:419,8
DA:421,36
DA:422,36
DA:423,26
DA:426,36
DA:432,19
DA:433,19
DA:434,11
DA:437,19
DA:438,133
DA:439,133
DA:440,133
DA:441,114
DA:442,0
DA:444,114
DA:446,133
DA:447,133
DA:450,19
DA:451,11
DA:452,11
DA:457,20
DA:458,20
DA:459,144
DA:460,0
DA:462,144
DA:472,78
DA:473,78
DA:474,0
DA:476,78
DA:481,20
DA:482,20
DA:483,20
DA:484,78
DA:485,20
DA:496,195
DA:505,115
DA:517,19
DA:521,3
DA:535,29
DA:536,29
DA:537,12
DA:538,12
DA:539,12
DA:540,12
DA:541,12
DA:543,12
DA:545,12
DA:546,12
DA:547,12
DA:548,12
DA:549,12
DA:552,12
DA:553,12
DA:554,12
DA:556,12
DA:558,0
DA:561,17
DA:569,4
DA:574,12
DA:579,14
DA:584,3
DA:585,3
DA:586,3
DA:587,2
DA:588,2
DA:589,2
DA:599,0
DA:609,102
DA:610,0
DA:613,102
DA:614,0
DA:616,102
DA:630,0
DA:631,0
DA:632,0
DA:634,0
DA:644,0
DA:645,0
DA:647,0
DA:664,2
DA:665,1
DA:666,1
DA:667,1
DA:669,1
DA:670,1
DA:672,1
DA:673,1
DA:676,1
DA:684,1
DA:695,2
DA:696,1
DA:698,1
DA:709,2
DA:710,2
DA:711,1
DA:712,1
DA:713,1
DA:714,1
DA:715,1
DA:716,1
DA:717,1
DA:721,1
DA:732,1
DA:733,0
DA:735,1
DA:751,3
DA:752,3
DA:753,2
DA:754,2
DA:755,2
DA:756,2
DA:757,2
DA:758,0
DA:760,2
DA:761,0
DA:764,2
DA:767,1
DA:781,2
DA:782,1
DA:783,1
DA:784,1
DA:787,1
DA:803,4
DA:804,4
DA:805,3
DA:806,3
DA:807,3
DA:808,3
DA:809,3
DA:810,3
DA:811,3
DA:813,3
DA:814,2
DA:816,1
DA:818,3
DA:822,1
DA:834,1
DA:842,20
DA:848,12
DA:853,15
DA:859,0
DA:864,2
DA:875,19
DA:886,0
DA:897,19
DA:908,2
DA:909,2
DA:910,1
DA:911,1
DA:912,1
DA:913,1
DA:914,1
DA:916,1
DA:917,1
DA:920,1
DA:926,30
DA:927,30
DA:928,30
DA:929,30
DA:930,30
DA:931,30
DA:932,2
DA:934,30
DA:936,30
DA:937,30
DA:938,242
DA:940,30
DA:941,0
DA:943,30
DA:944,30
DA:945,0
DA:947,30
DA:950,30
DA:952,0
DA:959,30
DA:960,122
DA:961,122
DA:966,60
DA:967,120
DA:968,120
DA:973,18
DA:974,0
DA:976,18
DA:981,1
DA:982,0
DA:984,1
DA:985,1
DA:986,1
DA:991,0
DA:992,0
DA:994,0
DA:995,0
DA:1000,0
DA:1001,0
DA:1003,0
DA:1004,0
DA:1009,1
DA:1010,0
DA:1012,1
DA:1013,1
DA:1018,1
DA:1019,0
DA:1021,1
DA:1022,1
DA:1026,0
DA:1027,0
DA:1028,0
DA:1030,0
DA:1031,0
DA:1032,0
DA:1033,0
DA:1034,0
DA:1041,6
DA:1042,6
DA:1043,0
DA:1045,6
DA:1049,19
DA:1050,19
DA:1051,0
DA:1052,0
DA:1053,0
DA:1054,0
DA:1055,0
DA:1056,0
DA:1059,0
LF:401
LH:325
BRDA:34,0,0,1
BRDA:34,0,1,1
BRDA:106,1,0,20
BRDA:106,1,1,0
BRDA:108,2,0,1
BRDA:108,2,1,19
BRDA:112,3,0,20
BRDA:112,3,1,0
BRDA:113,4,0,20
BRDA:113,4,1,0
BRDA:113,5,0,20
BRDA:113,5,1,19
BRDA:113,5,2,1
BRDA:113,5,3,1
BRDA:116,6,0,20
BRDA:116,6,1,0
BRDA:124,7,0,0
BRDA:124,7,1,20
BRDA:124,8,0,20
BRDA:124,8,1,0
BRDA:128,9,0,0
BRDA:128,9,1,20
BRDA:128,10,0,20
BRDA:128,10,1,0
BRDA:128,10,2,0
BRDA:139,11,0,0
BRDA:139,11,1,20
BRDA:155,12,0,6
BRDA:155,12,1,96
BRDA:169,13,0,1
BRDA:169,13,1,0
BRDA:170,14,0,0
BRDA:170,14,1,0
BRDA:171,15,0,1
BRDA:171,15,1,1
BRDA:171,16,0,0
BRDA:171,16,1,1
BRDA:193,17,0,1
BRDA:193,17,1,0
BRDA:215,18,0,7
BRDA:215,18,1,9
BRDA:216,19,0,2
BRDA:216,19,1,5
BRDA:223,20,0,20
BRDA:223,20,1,0
BRDA:223,21,0,20
BRDA:223,21,1,20
BRDA:229,22,0,1
BRDA:229,22,1,19
BRDA:230,23,0,0
BRDA:230,23,1,1
BRDA:235,24,0,0
BRDA:235,24,1,19
BRDA:240,25,0,20
BRDA:240,25,1,20
BRDA:252,26,0,0
BRDA:252,26,1,19
BRDA:279,27,0,0
BRDA:279,27,1,19
BRDA:279,28,0,19
BRDA:279,28,1,0
BRDA:285,29,0,2
BRDA:285,29,1,17
BRDA:285,30,0,19
BRDA:285,30,1,18
BRDA:287,31,0,0
BRDA:287,31,1,2
BRDA:291,32,0,1
BRDA:291,32,1,1
BRDA:295,33,0,2
BRDA:295,33,1,0
BRDA:300,34,0,19
BRDA:300,34,1,9
BRDA:301,35,0,0
BRDA:301,35,1,19
BRDA:301,36,0,19
BRDA:301,36,1,11
BRDA:301,36,2,0
BRDA:302,37,0,0
BRDA:302,37,1,0
BRDA:321,38,0,0
BRDA:321,38,1,19
BRDA:325,39,0,1
BRDA:325,39,1,23
BRDA:333,40,0,1
BRDA:333,40,1,18
BRDA:333,41,0,19
BRDA:333,41,1,19
BRDA:334,42,0,0
BRDA:334,42,1,1
BRDA:356,43,0,20
BRDA:356,43,1,0
BRDA:357,44,0,0
BRDA:357,44,1,20
BRDA:359,45,0,19
BRDA:359,45,1,1
BRDA:380,46,0,0
BRDA:380,46,1,0
BRDA:381,47,0,0
BRDA:381,47,1,0
BRDA:383,48,0,0
BRDA:383,48,1,0
BRDA:392,49,0,19
BRDA:392,49,1,0
BRDA:396,50,0,0
BRDA:396,50,1,0
BRDA:402,51,0,0
BRDA:402,51,1,19
BRDA:416,52,0,19
BRDA:416,52,1,0
BRDA:418,53,0,8
BRDA:418,53,1,36
BRDA:418,54,0,44
BRDA:418,54,1,9
BRDA:419,55,0,8
BRDA:419,55,1,8
BRDA:419,55,2,0
BRDA:419,55,3,0
BRDA:422,56,0,26
BRDA:422,56,1,10
BRDA:422,57,0,36
BRDA:422,57,1,36
BRDA:426,58,0,36
BRDA:426,58,1,25
BRDA:426,58,2,11
BRDA:426,58,3,1
BRDA:426,58,4,0
BRDA:433,59,0,11
BRDA:433,59,1,8
BRDA:433,60,0,19
BRDA:433,60,1,9
BRDA:440,61,0,114
BRDA:440,61,1,19
BRDA:441,62,0,0
BRDA:441,62,1,114
BRDA:450,63,0,11
BRDA:450,63,1,8
BRDA:450,64,0,19
BRDA:450,64,1,9
BRDA:459,65,0,0
BRDA:459,65,1,144
BRDA:473,66,0,0
BRDA:473,66,1,78
BRDA:482,67,0,20
BRDA:482,67,1,9
BRDA:484,68,0,2
BRDA:484,68,1,76
BRDA:536,69,0,12
BRDA:536,69,1,17
BRDA:536,70,0,29
BRDA:536,70,1,12
BRDA:538,71,0,12
BRDA:538,71,1,0
BRDA:548,72,0,0
BRDA:548,72,1,12
BRDA:548,73,0,0
BRDA:548,73,1,12
BRDA:552,74,0,12
BRDA:552,74,1,0
BRDA:574,75,0,12
BRDA:574,75,1,0
BRDA:585,76,0,3
BRDA:585,76,1,0
BRDA:609,77,0,0
BRDA:609,77,1,102
BRDA:613,78,0,0
BRDA:613,78,1,102
BRDA:631,79,0,0
BRDA:631,79,1,0
BRDA:644,80,0,0
BRDA:644,80,1,0
BRDA:664,81,0,1
BRDA:664,81,1,1
BRDA:664,82,0,2
BRDA:664,82,1,2
BRDA:665,83,0,0
BRDA:665,83,1,1
BRDA:672,84,0,1
BRDA:672,84,1,0
BRDA:695,85,0,1
BRDA:695,85,1,1
BRDA:695,86,0,2
BRDA:695,86,1,2
BRDA:710,87,0,1
BRDA:710,87,1,1
BRDA:710,88,0,2
BRDA:710,88,1,2
BRDA:716,89,0,1
BRDA:716,89,1,0
BRDA:716,90,0,1
BRDA:716,90,1,1
BRDA:716,90,2,1
BRDA:732,91,0,0
BRDA:732,91,1,1
BRDA:732,92,0,1
BRDA:732,92,1,1
BRDA:752,93,0,2
BRDA:752,93,1,1
BRDA:752,94,0,3
BRDA:752,94,1,3
BRDA:754,95,0,2
BRDA:754,95,1,0
BRDA:757,96,0,0
BRDA:757,96,1,2
BRDA:760,97,0,0
BRDA:760,97,1,2
BRDA:760,98,0,2
BRDA:760,98,1,2
BRDA:781,99,0,1
BRDA:781,99,1,1
BRDA:781,100,0,2
BRDA:781,100,1,2
BRDA:783,101,0,1
BRDA:783,101,1,0
BRDA:804,102,0,3
BRDA:804,102,1,1
BRDA:804,103,0,4
BRDA:804,103,1,4
BRDA:806,104,0,3
BRDA:806,104,1,0
BRDA:809,105,0,3
BRDA:809,105,1,0
BRDA:810,106,0,3
BRDA:810,106,1,0
BRDA:813,107,0,2
BRDA:813,107,1,1
BRDA:813,108,0,3
BRDA:813,108,1,3
BRDA:875,109,0,19
BRDA:875,109,1,0
BRDA:886,110,0,0
BRDA:886,110,1,0
BRDA:897,111,0,19
BRDA:897,111,1,0
BRDA:909,112,0,1
BRDA:909,112,1,1
BRDA:909,113,0,2
BRDA:909,113,1,2
BRDA:911,114,0,1
BRDA:911,114,1,0
BRDA:912,115,0,1
BRDA:912,115,1,0
BRDA:926,116,0,30
BRDA:926,116,1,0
BRDA:931,117,0,2
BRDA:931,117,1,28
BRDA:931,118,0,30
BRDA:931,118,1,30
BRDA:934,119,0,0
BRDA:934,119,1,30
BRDA:937,120,0,0
BRDA:937,120,1,30
BRDA:938,121,0,30
BRDA:938,121,1,0
BRDA:940,122,0,0
BRDA:940,122,1,30
BRDA:944,123,0,0
BRDA:944,123,1,30
BRDA:961,124,0,34
BRDA:961,124,1,88
BRDA:968,125,0,90
BRDA:968,125,1,30
BRDA:973,126,0,0
BRDA:973,126,1,18
BRDA:981,127,0,0
BRDA:981,127,1,1
BRDA:985,128,0,1
BRDA:985,128,1,0
BRDA:991,129,0,0
BRDA:991,129,1,0
BRDA:1000,130,0,0
BRDA:1000,130,1,0
BRDA:1009,131,0,0
BRDA:1009,131,1,1
BRDA:1018,132,0,0
BRDA:1018,132,1,1
BRDA:1027,133,0,0
BRDA:1027,133,1,0
BRDA:1031,134,0,0
BRDA:1031,134,1,0
BRDA:1041,135,0,6
BRDA:1041,135,1,5
BRDA:1041,135,2,1
BRDA:1042,136,0,0
BRDA:1042,136,1,6
BRDA:1050,137,0,0
BRDA:1050,137,1,19
BRF:287
BRH:189
end_of_record
TN:
SF:/Users/nabric/workspace/amadeus-video-player/src/scripts/user.js
FN:24,_interopRequireDefault
FN:26,_classCallCheck
FN:31,(anonymous_2)
FN:32,UserDataService
FN:56,intialize
FN:59,finallyFn
FN:61,(anonymous_6)
FN:66,(anonymous_7)
FN:68,(anonymous_8)
FN:79,(anonymous_9)
FN:92,getGeolocation
FN:95,(anonymous_11)
FN:97,getNearestAirport
FN:98,(anonymous_13)
FN:104,(anonymous_14)
FN:108,fallback
FN:109,success
FN:116,error
FN:121,(anonymous_18)
FN:131,(anonymous_19)
FN:143,ready
FNF:21
FNH:19
FNDA:4,_interopRequireDefault
FNDA:7,_classCallCheck
FNDA:1,(anonymous_2)
FNDA:7,UserDataService
FNDA:35,intialize
FNDA:34,finallyFn
FNDA:38,(anonymous_6)
FNDA:24,(anonymous_7)
FNDA:23,(anonymous_8)
FNDA:11,(anonymous_9)
FNDA:35,getGeolocation
FNDA:35,(anonymous_11)
FNDA:24,getNearestAirport
FNDA:24,(anonymous_13)
FNDA:0,(anonymous_14)
FNDA:33,fallback
FNDA:22,success
FNDA:10,error
FNDA:35,(anonymous_18)
FNDA:0,(anonymous_19)
FNDA:44,ready
DA:3,1
DA:6,1
DA:8,1
DA:10,1
DA:12,1
DA:14,1
DA:16,1
DA:18,1
DA:20,1
DA:22,1
DA:24,4
DA:26,7
DA:31,1
DA:33,7
DA:35,7
DA:47,7
DA:48,7
DA:56,1
DA:57,35
DA:59,35
DA:60,34
DA:61,34
DA:62,38
DA:64,34
DA:66,35
DA:67,24
DA:69,23
DA:70,23
DA:71,22
DA:72,22
DA:74,1
DA:75,1
DA:76,1
DA:78,23
DA:80,11
DA:81,11
DA:82,11
DA:92,1
DA:93,35
DA:95,35
DA:96,35
DA:97,35
DA:98,24
DA:99,24
DA:100,24
DA:101,24
DA:102,24
DA:103,24
DA:105,0
DA:108,35
DA:109,33
DA:110,22
DA:111,22
DA:112,22
DA:113,22
DA:114,22
DA:116,33
DA:117,10
DA:119,33
DA:121,35
DA:122,35
DA:123,2
DA:124,2
DA:125,2
DA:126,2
DA:127,2
DA:129,33
DA:132,0
DA:143,1
DA:144,44
DA:145,6
DA:147,38
DA:150,38
DA:151,35
DA:152,35
DA:157,1
DA:160,1
LF:77
LH:75
BRDA:24,0,0,4
BRDA:24,0,1,0
BRDA:24,1,0,4
BRDA:24,1,1,4
BRDA:26,2,0,0
BRDA:26,2,1,7
BRDA:70,3,0,22
BRDA:70,3,1,1
BRDA:122,4,0,2
BRDA:122,4,1,33
BRDA:144,5,0,6
BRDA:144,5,1,38
BRDA:150,6,0,35
BRDA:150,6,1,3
BRF:14
BRH:12
end_of_record
TN:
SF:/Users/nabric/workspace/amadeus-video-player/src/scripts/api/manager.js
FN:8,(anonymous_0)
FN:8,defineProperties
FN:8,(anonymous_2)
FN:34,_interopRequireDefault
FN:36,_classCallCheck
FN:49,(anonymous_5)
FN:50,ApiManager
FN:68,createSession
FN:93,convertCurrency
FN:110,getAirportDetailsByLocation
FN:114,(anonymous_10)
FN:120,(anonymous_11)
FN:122,(anonymous_12)
FN:135,getCurrency
FN:164,getFares
FN:167,(anonymous_15)
FN:185,(anonymous_16)
FN:188,(anonymous_17)
FN:191,(anonymous_18)
FN:203,(anonymous_19)
FN:216,getGeodataFromID
FN:234,getHotelsByID
FN:252,getNearestAirport
FN:271,getPlace
FN:278,(anonymous_24)
FN:295,(anonymous_25)
FN:305,(anonymous_26)
FN:323,getPOI
FN:330,(anonymous_28)
FN:347,(anonymous_29)
FN:349,(anonymous_30)
FN:354,(anonymous_31)
FN:372,getProducer
FN:394,getSkin
FN:414,getVideo
FN:433,getVideoBy
FN:436,(anonymous_36)
FN:446,(anonymous_37)
FN:452,(anonymous_38)
FN:466,getVimeoSource
FN:487,event
FN:496,onerror
FN:507,clear
FN:513,get
FN:521,get
FNF:45
FNH:35
FNDA:1,(anonymous_0)
FNDA:1,defineProperties
FNDA:1,(anonymous_2)
FNDA:4,_interopRequireDefault
FNDA:5,_classCallCheck
FNDA:1,(anonymous_5)
FNDA:5,ApiManager
FNDA:24,createSession
FNDA:1,convertCurrency
FNDA:0,getAirportDetailsByLocation
FNDA:0,(anonymous_10)
FNDA:0,(anonymous_11)
FNDA:0,(anonymous_12)
FNDA:3,getCurrency
FNDA:4,getFares
FNDA:4,(anonymous_15)
FNDA:3,(anonymous_16)
FNDA:75,(anonymous_17)
FNDA:33,(anonymous_18)
FNDA:1,(anonymous_19)
FNDA:6,getGeodataFromID
FNDA:0,getHotelsByID
FNDA:3,getNearestAirport
FNDA:34,getPlace
FNDA:34,(anonymous_24)
FNDA:5,(anonymous_25)
FNDA:3,(anonymous_26)
FNDA:4,getPOI
FNDA:4,(anonymous_28)
FNDA:1,(anonymous_29)
FNDA:2,(anonymous_30)
FNDA:2,(anonymous_31)
FNDA:1,getProducer
FNDA:21,getSkin
FNDA:3,getVideo
FNDA:0,getVideoBy
FNDA:0,(anonymous_36)
FNDA:0,(anonymous_37)
FNDA:0,(anonymous_38)
FNDA:2,getVimeoSource
FNDA:32,event
FNDA:0,onerror
FNDA:1,clear
FNDA:47,get
FNDA:93,get
DA:3,1
DA:6,1
DA:8,2
DA:10,1
DA:12,1
DA:14,1
DA:16,1
DA:18,1
DA:20,1
DA:22,1
DA:24,1
DA:26,1
DA:28,1
DA:30,1
DA:32,1
DA:34,4
DA:36,5
DA:38,1
DA:49,1
DA:51,5
DA:53,5
DA:54,5
DA:56,5
DA:57,5
DA:58,5
DA:68,1
DA:69,24
DA:81,24
DA:93,1
DA:94,1
DA:95,1
DA:100,1
DA:110,1
DA:111,0
DA:112,0
DA:114,0
DA:115,0
DA:120,0
DA:121,0
DA:123,0
DA:135,1
DA:136,3
DA:146,3
DA:164,1
DA:165,4
DA:167,4
DA:168,4
DA:174,4
DA:175,4
DA:176,4
DA:178,4
DA:179,4
DA:180,4
DA:182,0
DA:183,0
DA:185,4
DA:186,3
DA:187,3
DA:188,3
DA:189,75
DA:191,3
DA:192,33
DA:199,3
DA:201,0
DA:204,1
DA:216,1
DA:217,6
DA:222,6
DA:234,1
DA:235,0
DA:241,0
DA:252,1
DA:253,3
DA:261,3
DA:271,1
DA:272,34
DA:273,34
DA:275,34
DA:276,0
DA:278,34
DA:279,34
DA:280,26
DA:281,26
DA:282,8
DA:283,0
DA:285,8
DA:295,8
DA:296,5
DA:297,5
DA:298,5
DA:299,5
DA:300,5
DA:302,0
DA:303,0
DA:306,3
DA:307,3
DA:311,34
DA:312,34
DA:323,1
DA:324,4
DA:325,4
DA:327,4
DA:328,0
DA:330,4
DA:331,4
DA:332,1
DA:333,1
DA:335,3
DA:345,3
DA:347,3
DA:348,1
DA:349,1
DA:350,2
DA:352,1
DA:353,1
DA:355,2
DA:356,2
DA:360,4
DA:361,4
DA:372,1
DA:373,1
DA:384,1
DA:394,1
DA:395,21
DA:404,21
DA:414,1
DA:415,3
DA:423,3
DA:433,1
DA:434,0
DA:436,0
DA:437,0
DA:446,0
DA:447,0
DA:448,0
DA:450,0
DA:453,0
DA:466,1
DA:467,2
DA:468,2
DA:477,2
DA:487,1
DA:488,32
DA:497,0
DA:501,32
DA:507,1
DA:508,1
DA:511,1
DA:514,47
DA:522,93
DA:523,93
DA:524,2
DA:526,93
DA:530,1
DA:533,1
DA:534,1
LF:156
LH:130
BRDA:8,0,0,2
BRDA:8,0,1,2
BRDA:8,1,0,0
BRDA:8,1,1,2
BRDA:8,2,0,1
BRDA:8,2,1,0
BRDA:8,3,0,0
BRDA:8,3,1,1
BRDA:34,4,0,4
BRDA:34,4,1,0
BRDA:34,5,0,4
BRDA:34,5,1,4
BRDA:36,6,0,0
BRDA:36,6,1,5
BRDA:53,7,0,5
BRDA:53,7,1,5
BRDA:54,8,0,0
BRDA:54,8,1,5
BRDA:94,9,0,1
BRDA:94,9,1,0
BRDA:174,10,0,4
BRDA:174,10,1,0
BRDA:179,11,0,4
BRDA:179,11,1,0
BRDA:187,12,0,3
BRDA:187,12,1,0
BRDA:189,13,0,36
BRDA:189,13,1,39
BRDA:275,14,0,0
BRDA:275,14,1,34
BRDA:275,15,0,34
BRDA:275,15,1,0
BRDA:279,16,0,26
BRDA:279,16,1,8
BRDA:282,17,0,0
BRDA:282,17,1,8
BRDA:282,18,0,8
BRDA:282,18,1,8
BRDA:297,19,0,5
BRDA:297,19,1,0
BRDA:327,20,0,0
BRDA:327,20,1,4
BRDA:327,21,0,4
BRDA:327,21,1,0
BRDA:331,22,0,1
BRDA:331,22,1,3
BRDA:447,23,0,0
BRDA:447,23,1,0
BRDA:467,24,0,2
BRDA:467,24,1,0
BRDA:523,25,0,2
BRDA:523,25,1,91
BRDA:523,26,0,93
BRDA:523,26,1,93
BRDA:523,26,2,92
BRF:55
BRH:36
end_of_record
TN:
SF:/Users/nabric/workspace/amadeus-video-player/src/scripts/configuration/service.js
FN:7,_classCallCheck
FN:12,(anonymous_1)
FN:13,ConfigurationService
FN:34,setValue
FN:49,getValue
FNF:5
FNH:5
FNDA:5,_classCallCheck
FNDA:1,(anonymous_1)
FNDA:5,ConfigurationService
FNDA:24,setValue
FNDA:278,getValue
DA:3,1
DA:7,5
DA:12,1
DA:14,5
DA:16,5
DA:34,1
DA:35,24
DA:36,1
DA:38,23
DA:49,1
DA:50,278
DA:53,1
DA:56,1
LF:13
LH:13
BRDA:7,0,0,0
BRDA:7,0,1,5
BRDA:35,1,0,1
BRDA:35,1,1,23
BRDA:50,2,0,278
BRDA:50,2,1,36
BRF:6
BRH:5
end_of_record
TN:
SF:/Users/nabric/workspace/amadeus-video-player/src/scripts/events/list.js
FNF:0
FNH:0
DA:3,1
DA:7,1
LF:2
LH:2
BRF:0
BRH:0
end_of_record
TN:
SF:/Users/nabric/workspace/amadeus-video-player/src/scripts/events/service.js
FN:32,_interopRequireDefault
FN:34,_classCallCheck
FN:39,(anonymous_2)
FN:40,EventService
FN:62,initialize
FN:67,(anonymous_5)
FN:74,(anonymous_6)
FN:76,(anonymous_7)
FN:90,setVideoDimensions
FN:106,setPoiDimensions
FN:119,sanitize
FN:123,(anonymous_11)
FN:135,updateDimensions
FN:140,fn
FN:141,(anonymous_14)
FN:157,enabled
FN:169,send
FN:189,fn
FN:212,getTrackerFor
FN:219,_applyToAllTrackers
FN:223,(anonymous_20)
FN:225,(anonymous_21)
FNF:22
FNH:22
FNDA:5,_interopRequireDefault
FNDA:14,_classCallCheck
FNDA:1,(anonymous_2)
FNDA:14,EventService
FNDA:32,initialize
FNDA:7,(anonymous_5)
FNDA:7,(anonymous_6)
FNDA:7,(anonymous_7)
FNDA:23,setVideoDimensions
FNDA:16,setPoiDimensions
FNDA:39,sanitize
FNDA:101,(anonymous_11)
FNDA:39,updateDimensions
FNDA:41,fn
FNDA:178,(anonymous_14)
FNDA:21,enabled
FNDA:59,send
FNDA:32,fn
FNDA:4,getTrackerFor
FNDA:71,_applyToAllTrackers
FNDA:2,(anonymous_20)
FNDA:2,(anonymous_21)
DA:3,1
DA:6,1
DA:8,1
DA:10,1
DA:12,1
DA:14,1
DA:16,1
DA:18,1
DA:20,1
DA:22,1
DA:24,1
DA:26,1
DA:28,1
DA:30,1
DA:32,5
DA:34,14
DA:39,1
DA:41,14
DA:43,14
DA:44,14
DA:45,14
DA:47,14
DA:48,14
DA:49,14
DA:50,14
DA:52,14
DA:62,1
DA:63,32
DA:65,32
DA:66,32
DA:67,32
DA:68,7
DA:69,5
DA:71,2
DA:74,32
DA:75,7
DA:77,7
DA:78,7
DA:81,32
DA:90,1
DA:91,23
DA:92,23
DA:93,23
DA:94,23
DA:96,0
DA:106,1
DA:107,16
DA:108,16
DA:109,16
DA:110,16
DA:112,0
DA:119,1
DA:120,39
DA:122,39
DA:123,39
DA:124,101
DA:125,99
DA:127,101
DA:129,39
DA:135,1
DA:136,39
DA:138,39
DA:139,39
DA:140,39
DA:141,41
DA:142,178
DA:145,39
DA:147,0
DA:157,1
DA:158,21
DA:169,1
DA:170,59
DA:171,59
DA:173,59
DA:174,33
DA:175,33
DA:176,32
DA:178,32
DA:179,32
DA:180,32
DA:189,32
DA:190,32
DA:191,20
DA:192,20
DA:193,20
DA:195,12
DA:199,32
DA:202,26
DA:212,1
DA:213,4
DA:219,1
DA:220,71
DA:222,71
DA:223,71
DA:224,2
DA:226,2
DA:230,1
DA:233,1
DA:234,1
LF:99
LH:96
BRDA:32,0,0,4
BRDA:32,0,1,1
BRDA:32,1,0,5
BRDA:32,1,1,5
BRDA:34,2,0,0
BRDA:34,2,1,14
BRDA:65,3,0,32
BRDA:65,3,1,20
BRDA:66,4,0,30
BRDA:66,4,1,2
BRDA:68,5,0,5
BRDA:68,5,1,2
BRDA:91,6,0,23
BRDA:91,6,1,0
BRDA:107,7,0,16
BRDA:107,7,1,0
BRDA:124,8,0,99
BRDA:124,8,1,2
BRDA:138,9,0,39
BRDA:138,9,1,0
BRDA:170,10,0,35
BRDA:170,10,1,24
BRDA:170,11,0,59
BRDA:170,11,1,35
BRDA:171,12,0,0
BRDA:171,12,1,59
BRDA:171,13,0,59
BRDA:171,13,1,0
BRDA:173,14,0,33
BRDA:173,14,1,26
BRDA:173,15,0,59
BRDA:173,15,1,58
BRDA:174,16,0,33
BRDA:174,16,1,32
BRDA:175,17,0,32
BRDA:175,17,1,1
BRDA:176,18,0,32
BRDA:176,18,1,0
BRDA:190,19,0,20
BRDA:190,19,1,12
BRDA:213,20,0,4
BRDA:213,20,1,1
BRF:42
BRH:35
end_of_record
TN:
SF:/Users/nabric/workspace/amadeus-video-player/src/scripts/skin/service.js
FN:12,_interopRequireDefault
FN:14,_classCallCheck
FN:19,(anonymous_2)
FN:20,SkinService
FN:34,initialize
FN:38,(anonymous_5)
FN:42,(anonymous_6)
FN:47,(anonymous_7)
FN:59,(anonymous_8)
FN:70,getValue
FN:77,extract
FN:98,ready
FN:104,(anonymous_12)
FN:113,_onReady
FN:115,(anonymous_14)
FNF:15
FNH:15
FNDA:1,_interopRequireDefault
FNDA:8,_classCallCheck
FNDA:1,(anonymous_2)
FNDA:8,SkinService
FNDA:25,initialize
FNDA:23,(anonymous_5)
FNDA:833,(anonymous_6)
FNDA:620,(anonymous_7)
FNDA:1,(anonymous_8)
FNDA:57,getValue
FNDA:836,extract
FNDA:193,ready
FNDA:27,(anonymous_12)
FNDA:24,_onReady
FNDA:27,(anonymous_14)
DA:3,1
DA:6,1
DA:8,1
DA:10,1
DA:12,1
DA:14,8
DA:19,1
DA:21,8
DA:23,8
DA:24,8
DA:25,8
DA:34,1
DA:35,25
DA:37,25
DA:38,25
DA:39,23
DA:40,23
DA:41,22
DA:42,22
DA:43,833
DA:44,620
DA:46,833
DA:48,620
DA:50,22
DA:51,22
DA:52,22
DA:54,0
DA:57,1
DA:60,1
DA:70,1
DA:71,57
DA:77,1
DA:78,836
DA:79,836
DA:80,836
DA:81,622
DA:86,836
DA:98,1
DA:99,193
DA:101,193
DA:102,166
DA:104,27
DA:105,27
DA:113,1
DA:114,24
DA:115,24
DA:116,27
DA:118,24
DA:121,1
DA:124,1
LF:50
LH:49
BRDA:12,0,0,1
BRDA:12,0,1,0
BRDA:12,1,0,1
BRDA:12,1,1,1
BRDA:14,2,0,0
BRDA:14,2,1,8
BRDA:40,3,0,22
BRDA:40,3,1,1
BRDA:43,4,0,620
BRDA:43,4,1,213
BRDA:51,5,0,22
BRDA:51,5,1,0
BRDA:71,6,0,57
BRDA:71,6,1,9
BRDA:80,7,0,622
BRDA:80,7,1,214
BRDA:80,8,0,836
BRDA:80,8,1,622
BRDA:101,9,0,166
BRDA:101,9,1,27
BRDA:116,10,0,2
BRDA:116,10,1,25
BRF:22
BRH:19
end_of_record
TN:
SF:/Users/nabric/workspace/amadeus-video-player/src/scripts/utils/cookies.js
FN:15,_interopRequireDefault
FN:21,getCookie
FN:42,setCookie
FN:53,eraseCookie
FN:61,isCookieAuthorized
FNF:5
FNH:5
FNDA:1,_interopRequireDefault
FNDA:588,getCookie
FNDA:414,setCookie
FNDA:1,eraseCookie
FNDA:294,isCookieAuthorized
DA:3,1
DA:6,1
DA:7,1
DA:8,1
DA:9,1
DA:11,1
DA:13,1
DA:15,1
DA:22,588
DA:23,588
DA:24,588
DA:25,789
DA:26,789
DA:27,201
DA:29,789
DA:30,411
DA:33,177
DA:43,414
DA:44,414
DA:45,414
DA:46,414
DA:54,1
DA:62,294
DA:63,294
DA:64,294
LF:25
LH:25
BRDA:15,0,0,1
BRDA:15,0,1,0
BRDA:15,1,0,1
BRDA:15,1,1,1
BRDA:29,2,0,411
BRDA:29,2,1,378
BRF:6
BRH:5
end_of_record
TN:
SF:/Users/nabric/workspace/amadeus-video-player/src/scripts/utils/dom.js
FN:16,htmlToElement
FN:28,style
FN:34,(anonymous_2)
FN:35,(anonymous_3)
FN:46,removeClass
FN:85,addClass
FN:119,getElementBounding
FNF:7
FNH:7
FNDA:24,htmlToElement
FNDA:363,style
FNDA:327,(anonymous_2)
FNDA:950,(anonymous_3)
FNDA:17,removeClass
FNDA:17,addClass
FNDA:34,getElementBounding
DA:3,1
DA:6,1
DA:7,1
DA:8,1
DA:9,1
DA:10,1
DA:17,24
DA:18,24
DA:19,24
DA:20,24
DA:29,363
DA:30,363
DA:31,363
DA:32,263
DA:34,363
DA:35,327
DA:36,950
DA:47,17
DA:48,17
DA:49,17
DA:50,3
DA:52,17
DA:53,17
DA:54,17
DA:57,38
DA:58,0
DA:59,0
DA:61,38
DA:62,38
DA:63,21
DA:66,21
DA:68,21
DA:71,20
DA:75,1
DA:86,17
DA:87,17
DA:88,17
DA:89,4
DA:91,17
DA:92,17
DA:97,34
DA:98,26
DA:99,13
DA:101,8
DA:102,8
DA:103,4
DA:106,17
DA:108,17
DA:120,34
DA:121,34
DA:122,34
DA:123,34
DA:125,0
DA:128,34
LF:54
LH:51
BRDA:29,0,0,363
BRDA:29,0,1,0
BRDA:30,1,0,0
BRDA:30,1,1,363
BRDA:31,2,0,263
BRDA:31,2,1,100
BRDA:47,3,0,17
BRDA:47,3,1,0
BRDA:48,4,0,14
BRDA:48,4,1,3
BRDA:49,5,0,3
BRDA:49,5,1,14
BRDA:53,6,0,1
BRDA:53,6,1,16
BRDA:57,7,0,0
BRDA:57,7,1,38
BRDA:58,8,0,0
BRDA:58,8,1,0
BRDA:62,9,0,17
BRDA:62,9,1,21
BRDA:68,10,0,20
BRDA:68,10,1,1
BRDA:86,11,0,17
BRDA:86,11,1,0
BRDA:87,12,0,0
BRDA:87,12,1,17
BRDA:88,13,0,4
BRDA:88,13,1,13
BRDA:91,14,0,3
BRDA:91,14,1,14
BRDA:97,15,0,26
BRDA:97,15,1,8
BRDA:98,16,0,13
BRDA:98,16,1,13
BRDA:102,17,0,4
BRDA:102,17,1,4
BRF:36
BRH:28
end_of_record
TN:
SF:/Users/nabric/workspace/amadeus-video-player/src/scripts/utils/events.js
FN:13,dispatchEvent
FN:26,debounce
FN:31,(anonymous_2)
FN:34,later
FNF:4
FNH:4
FNDA:15,dispatchEvent
FNDA:60,debounce
FNDA:10,(anonymous_2)
FNDA:1,later
DA:3,1
DA:6,1
DA:7,1
DA:14,15
DA:15,15
DA:27,60
DA:28,60
DA:30,60
DA:31,60
DA:32,10
DA:33,10
DA:34,10
DA:35,1
DA:36,1
DA:38,10
DA:39,10
DA:40,10
DA:41,10
LF:18
LH:18
BRDA:14,0,0,15
BRDA:14,0,1,1
BRDA:36,1,0,1
BRDA:36,1,1,0
BRDA:38,2,0,10
BRDA:38,2,1,0
BRDA:41,3,0,0
BRDA:41,3,1,10
BRF:8
BRH:5
end_of_record
TN:
SF:/Users/nabric/workspace/amadeus-video-player/src/scripts/utils/index.js
FN:40,_interopRequireDefault
FNF:1
FNH:1
FNDA:4,_interopRequireDefault
DA:3,1
DA:6,1
DA:8,1
DA:10,1
DA:12,1
DA:14,1
DA:16,1
DA:18,1
DA:20,1
DA:22,1
DA:24,1
DA:26,1
DA:28,1
DA:30,1
DA:32,1
DA:34,1
DA:36,1
DA:38,1
DA:40,4
DA:42,1
DA:43,1
DA:44,1
DA:45,1
DA:46,1
DA:47,1
DA:48,1
DA:49,1
DA:50,1
DA:51,1
DA:52,1
DA:53,1
DA:54,1
DA:55,1
DA:56,1
DA:57,1
DA:58,1
DA:59,1
DA:60,1
DA:61,1
DA:62,1
DA:63,1
DA:64,1
DA:65,1
DA:66,1
DA:67,1
DA:68,1
DA:69,1
DA:70,1
DA:71,1
DA:72,1
DA:73,1
DA:74,1
LF:52
LH:52
BRDA:40,0,0,4
BRDA:40,0,1,0
BRDA:40,1,0,4
BRDA:40,1,1,4
BRF:4
BRH:3
end_of_record
TN:
SF:/Users/nabric/workspace/amadeus-video-player/src/scripts/utils/jsonld.js
FN:13,injectJSONLd
FNF:1
FNH:1
FNDA:1,injectJSONLd
DA:3,1
DA:6,1
DA:14,1
DA:15,1
DA:16,1
DA:17,1
LF:6
LH:6
BRF:0
BRH:0
end_of_record
TN:
SF:/Users/nabric/workspace/amadeus-video-player/src/scripts/utils/languages.js
FNF:0
FNH:0
DA:3,1
DA:7,1
LF:2
LH:2
BRF:0
BRH:0
end_of_record
TN:
SF:/Users/nabric/workspace/amadeus-video-player/src/scripts/utils/map-icons.js
FN:12,mapIcons
FN:28,(anonymous_1)
FN:30,(anonymous_2)
FNF:3
FNH:3
FNDA:6,mapIcons
FNDA:9,(anonymous_1)
FNDA:7,(anonymous_2)
DA:3,1
DA:6,1
DA:13,6
DA:27,6
DA:28,3
DA:29,9
DA:31,7
DA:34,3
LF:8
LH:8
BRDA:27,0,0,3
BRDA:27,0,1,3
BRF:2
BRH:2
end_of_record
TN:
SF:/Users/nabric/workspace/amadeus-video-player/src/scripts/utils/marker.js
FN:12,getDefaultPOIConfiguration
FN:26,getDefaultMarkerPluginConfiguration
FN:35,text
FN:38,time
FN:45,text
FN:56,onMarkerClick
FN:57,onMarkerReached
FNF:7
FNH:3
FNDA:328,getDefaultPOIConfiguration
FNDA:19,getDefaultMarkerPluginConfiguration
FNDA:0,text
FNDA:134,time
FNDA:0,text
FNDA:0,onMarkerClick
FNDA:0,onMarkerReached
DA:3,1
DA:6,1
DA:7,1
DA:13,328
DA:27,19
DA:36,0
DA:39,134
DA:46,0
LF:8
LH:6
BRF:0
BRH:0
end_of_record
TN:
SF:/Users/nabric/workspace/amadeus-video-player/src/scripts/utils/mobile.js
FN:15,_interopRequireWildcard
FN:20,isMobile
FN:27,isiOSDevice
FN:34,isAndroidDevice
FN:41,getOrientation
FNF:5
FNH:5
FNDA:1,_interopRequireWildcard
FNDA:60,isMobile
FNDA:269,isiOSDevice
FNDA:1,isAndroidDevice
FNDA:2,getOrientation
DA:3,1
DA:6,1
DA:7,1
DA:8,1
DA:9,1
DA:11,1
DA:13,1
DA:15,10
DA:21,60
DA:28,269
DA:35,1
DA:42,2
DA:43,2
DA:44,0
DA:45,2
DA:46,2
DA:48,2
LF:17
LH:16
BRDA:15,0,0,0
BRDA:15,0,1,1
BRDA:15,1,0,1
BRDA:15,1,1,1
BRDA:15,2,0,1
BRDA:15,2,1,0
BRDA:15,3,0,10
BRDA:15,3,1,0
BRDA:43,4,0,0
BRDA:43,4,1,2
BRDA:45,5,0,2
BRDA:45,5,1,0
BRDA:45,6,0,2
BRDA:45,6,1,2
BRF:14
BRH:9
end_of_record
TN:
SF:/Users/nabric/workspace/amadeus-video-player/src/scripts/utils/network.js
FN:16,makeJSONp
FN:17,(anonymous_1)
FN:20,(anonymous_2)
FN:45,makeRequest
FN:46,(anonymous_4)
FN:50,(anonymous_5)
FN:52,(anonymous_6)
FN:63,onError
FN:71,(anonymous_8)
FN:83,(anonymous_9)
FN:91,(anonymous_10)
FN:106,getXMLHttpRequest
FN:128,getHeaders
FN:132,(anonymous_13)
FNF:14
FNH:14
FNDA:37,makeJSONp
FNDA:37,(anonymous_1)
FNDA:37,(anonymous_2)
FNDA:117,makeRequest
FNDA:117,(anonymous_4)
FNDA:12,(anonymous_5)
FNDA:12,(anonymous_6)
FNDA:15,onError
FNDA:111,(anonymous_8)
FNDA:1,(anonymous_9)
FNDA:147,(anonymous_10)
FNDA:117,getXMLHttpRequest
FNDA:97,getHeaders
FNDA:385,(anonymous_13)
DA:3,1
DA:6,1
DA:7,1
DA:9,1
DA:17,37
DA:18,37
DA:19,37
DA:20,37
DA:21,37
DA:22,37
DA:23,37
DA:24,37
DA:27,37
DA:28,37
DA:29,0
DA:32,37
DA:33,37
DA:34,37
DA:35,37
DA:36,37
DA:46,117
DA:47,117
DA:48,117
DA:49,117
DA:50,65
DA:51,12
DA:53,12
DA:56,117
DA:57,117
DA:58,8
DA:61,117
DA:63,117
DA:64,15
DA:68,15
DA:71,117
DA:72,111
DA:73,97
DA:74,97
DA:75,46
DA:77,97
DA:79,14
DA:83,117
DA:84,1
DA:85,0
DA:87,1
DA:90,117
DA:91,103
DA:92,147
DA:95,14
DA:98,117
DA:99,59
DA:101,58
DA:107,117
DA:109,117
DA:110,117
DA:111,0
DA:112,0
DA:114,0
DA:117,117
DA:120,0
DA:121,0
DA:124,117
DA:129,97
DA:130,97
DA:131,97
DA:132,97
DA:133,385
DA:134,385
DA:135,288
DA:138,97
LF:70
LH:63
BRDA:28,0,0,0
BRDA:28,0,1,37
BRDA:36,1,0,37
BRDA:36,1,1,0
BRDA:36,1,2,0
BRDA:49,2,0,65
BRDA:49,2,1,52
BRDA:57,3,0,8
BRDA:57,3,1,109
BRDA:57,4,0,117
BRDA:57,4,1,8
BRDA:72,5,0,97
BRDA:72,5,1,14
BRDA:72,6,0,111
BRDA:72,6,1,111
BRDA:74,7,0,46
BRDA:74,7,1,51
BRDA:74,8,0,97
BRDA:74,8,1,47
BRDA:84,9,0,0
BRDA:84,9,1,1
BRDA:90,10,0,103
BRDA:90,10,1,14
BRDA:98,11,0,59
BRDA:98,11,1,58
BRDA:109,12,0,117
BRDA:109,12,1,0
BRDA:109,13,0,117
BRDA:109,13,1,0
BRDA:110,14,0,0
BRDA:110,14,1,117
BRDA:134,15,0,288
BRDA:134,15,1,97
BRF:33
BRH:26
end_of_record
TN:
SF:/Users/nabric/workspace/amadeus-video-player/src/scripts/utils/security.js
FN:20,getTravelCastKeyName
FN:32,getAuthorizedStore
FN:49,getToken
FNF:3
FNH:3
FNDA:179,getTravelCastKeyName
FNDA:293,getAuthorizedStore
FNDA:81,getToken
DA:3,1
DA:6,1
DA:7,1
DA:8,1
DA:10,1
DA:12,1
DA:14,1
DA:21,179
DA:22,179
DA:23,66
DA:24,113
DA:25,179
DA:33,293
DA:34,293
DA:35,290
DA:36,3
DA:37,1
DA:38,2
DA:39,1
DA:41,1
DA:43,293
DA:50,81
LF:22
LH:22
BRDA:22,0,0,66
BRDA:22,0,1,113
BRDA:34,1,0,290
BRDA:34,1,1,3
BRDA:36,2,0,1
BRDA:36,2,1,2
BRDA:38,3,0,1
BRDA:38,3,1,1
BRF:8
BRH:8
end_of_record
TN:
SF:/Users/nabric/workspace/amadeus-video-player/src/scripts/utils/storage.js
FN:23,_interopRequireDefault
FN:30,getLocalStorageValue
FN:43,setLocalStorageValue
FN:56,getSessionStorageValue
FN:69,setSessionStorageValue
FN:80,getKey
FN:101,setKey
FN:124,isLocalStorageAuthorized
FN:137,isSessionStorageAuthorized
FN:147,(anonymous_9)
FNF:10
FNH:9
FNDA:1,_interopRequireDefault
FNDA:46,getLocalStorageValue
FNDA:7,setLocalStorageValue
FNDA:7,getSessionStorageValue
FNDA:5,setSessionStorageValue
FNDA:298,getKey
FNDA:121,setKey
FNDA:3,isLocalStorageAuthorized
FNDA:2,isSessionStorageAuthorized
FNDA:0,(anonymous_9)
DA:3,1
DA:6,1
DA:7,1
DA:8,1
DA:9,1
DA:10,1
DA:11,1
DA:12,1
DA:13,1
DA:15,1
DA:17,1
DA:19,1
DA:21,1
DA:23,1
DA:31,46
DA:32,46
DA:34,0
DA:44,7
DA:45,7
DA:47,0
DA:57,7
DA:58,7
DA:60,0
DA:70,5
DA:71,5
DA:81,298
DA:83,292
DA:85,3
DA:87,3
DA:89,0
DA:102,121
DA:103,121
DA:105,117
DA:106,117
DA:108,2
DA:109,2
DA:111,2
DA:112,2
DA:114,0
DA:125,3
DA:126,3
DA:127,3
DA:129,0
DA:138,2
DA:139,2
DA:142,1
DA:143,1
DA:144,1
DA:146,0
DA:147,0
DA:148,0
LF:51
LH:42
BRDA:23,0,0,1
BRDA:23,0,1,0
BRDA:23,1,0,1
BRDA:23,1,1,1
BRDA:81,2,0,292
BRDA:81,2,1,3
BRDA:81,2,2,3
BRDA:81,2,3,0
BRDA:102,3,0,121
BRDA:102,3,1,0
BRDA:102,4,0,121
BRDA:102,4,1,121
BRDA:103,5,0,117
BRDA:103,5,1,2
BRDA:103,5,2,2
BRDA:103,5,3,0
BRF:16
BRH:12
end_of_record
TN:
SF:/Users/nabric/workspace/amadeus-video-player/src/scripts/utils/uuid.js
FN:11,uuid
FN:13,(anonymous_1)
FNF:2
FNH:2
FNDA:75,uuid
FNDA:2325,(anonymous_1)
DA:3,1
DA:6,1
DA:12,75
DA:13,75
DA:14,2325
DA:15,2325
DA:16,2325
DA:18,75
LF:8
LH:8
BRDA:16,0,0,2250
BRDA:16,0,1,75
BRF:2
BRH:2
end_of_record
TN:
SF:/Users/nabric/workspace/amadeus-video-player/src/scripts/video/avs.ts
FN:29,AVSVideoService
FN:39,(anonymous_12)
FN:41,isDefault
FN:62,(anonymous_15)
FN:72,(anonymous_16)
FN:73,(anonymous_17)
FN:74,(anonymous_18)
FN:75,(anonymous_19)
FN:75,_callee
FN:128,(anonymous_26)
FN:131,(anonymous_27)
FN:196,(anonymous_31)
FN:197,(anonymous_32)
FN:215,(anonymous_33)
FN:244,(anonymous_36)
FN:271,(anonymous_38)
FNF:16
FNH:14
FNDA:13,AVSVideoService
FNDA:19,(anonymous_12)
FNDA:13,isDefault
FNDA:8,(anonymous_15)
FNDA:0,(anonymous_16)
FNDA:1,(anonymous_17)
FNDA:1,(anonymous_18)
FNDA:7,(anonymous_19)
FNDA:20,_callee
FNDA:96,(anonymous_26)
FNDA:176,(anonymous_27)
FNDA:30,(anonymous_31)
FNDA:30,(anonymous_32)
FNDA:42,(anonymous_33)
FNDA:84,(anonymous_36)
FNDA:0,(anonymous_38)
DA:1,1
DA:2,1
DA:4,1
DA:29,13
DA:30,13
DA:37,8
DA:38,8
DA:39,8
DA:40,19
DA:41,13
DA:42,13
DA:54,8
DA:61,8
DA:62,8
DA:63,8
DA:64,8
DA:65,8
DA:66,2
DA:68,6
DA:71,8
DA:72,0
DA:73,1
DA:74,1
DA:75,86
DA:78,6
DA:79,6
DA:81,0
DA:85,7
DA:100,7
DA:101,6
DA:102,6
DA:113,0
DA:125,8
DA:126,8
DA:127,8
DA:128,8
DA:129,96
DA:131,8
DA:132,176
DA:133,176
DA:134,96
DA:136,176
DA:139,8
DA:149,13
DA:150,1391
DA:151,7
DA:154,6
DA:166,11
DA:167,11
DA:168,11
DA:171,52
DA:173,52
DA:174,16
DA:177,52
DA:178,35
DA:181,11
DA:182,1
DA:184,10
DA:195,6
DA:196,30
DA:198,30
DA:199,30
DA:200,6
DA:207,24
DA:208,24
DA:216,42
DA:217,42
DA:220,6
DA:226,8
DA:227,8
DA:228,8
DA:229,2
DA:231,8
DA:232,8
DA:233,7
DA:235,1
DA:242,7
DA:244,84
DA:245,7
DA:246,7
DA:253,7
DA:254,6
DA:255,6
DA:257,1
DA:258,1
DA:268,7
DA:269,7
DA:271,0
DA:272,0
DA:279,7
DA:280,6
DA:282,5
DA:283,5
DA:285,6
LF:94
LH:89
BRDA:40,0,0,13
BRDA:40,0,1,6
BRDA:41,1,0,13
BRDA:41,1,1,0
BRDA:65,2,0,2
BRDA:65,2,1,6
BRDA:75,3,0,7
BRDA:75,3,1,6
BRDA:75,3,2,0
BRDA:75,3,3,7
BRDA:75,3,4,7
BRDA:75,3,5,7
BRDA:75,4,0,1
BRDA:75,4,1,6
BRDA:100,5,0,6
BRDA:100,5,1,1
BRDA:100,6,0,7
BRDA:100,6,1,7
BRDA:100,6,2,7
BRDA:126,7,0,8
BRDA:126,7,1,0
BRDA:126,8,0,8
BRDA:126,8,1,8
BRDA:133,9,0,96
BRDA:133,9,1,80
BRDA:150,10,0,7
BRDA:150,10,1,1384
BRDA:171,11,0,52
BRDA:171,11,1,8
BRDA:173,12,0,16
BRDA:173,12,1,36
BRDA:173,13,0,52
BRDA:173,13,1,34
BRDA:177,14,0,35
BRDA:177,14,1,17
BRDA:181,15,0,1
BRDA:181,15,1,10
BRDA:199,16,0,6
BRDA:199,16,1,24
BRDA:211,17,0,12
BRDA:211,17,1,12
BRDA:217,18,0,24
BRDA:217,18,1,18
BRDA:217,19,0,18
BRDA:217,19,1,0
BRDA:228,20,0,2
BRDA:228,20,1,6
BRDA:232,21,0,7
BRDA:232,21,1,1
BRDA:232,22,0,8
BRDA:232,22,1,1
BRDA:242,23,0,1
BRDA:242,23,1,6
BRDA:244,24,0,0
BRDA:244,24,1,84
BRDA:244,25,0,84
BRDA:244,25,1,84
BRDA:245,26,0,6
BRDA:245,26,1,1
BRDA:253,27,0,6
BRDA:253,27,1,1
BRDA:253,28,0,7
BRDA:253,28,1,1
BRDA:268,29,0,7
BRDA:268,29,1,0
BRDA:279,30,0,6
BRDA:279,30,1,1
BRDA:279,31,0,7
BRDA:279,31,1,1
BRF:69
BRH:63
end_of_record
TN:
SF:/Users/nabric/workspace/amadeus-video-player/src/scripts/video/inline.ts
FN:25,InlineVideoService
FN:35,(anonymous_6)
FN:45,(anonymous_7)
FN:72,(anonymous_8)
FN:89,(anonymous_10)
FNF:5
FNH:5
FNDA:26,InlineVideoService
FNDA:23,(anonymous_6)
FNDA:22,(anonymous_7)
FNDA:1,(anonymous_8)
FNDA:27,(anonymous_10)
DA:2,1
DA:4,1
DA:25,26
DA:26,26
DA:34,23
DA:35,23
DA:36,23
DA:37,23
DA:38,23
DA:39,22
DA:41,1
DA:44,23
DA:46,22
DA:47,22
DA:48,22
DA:49,21
DA:51,22
DA:53,22
DA:54,22
DA:55,21
DA:57,22
DA:58,22
DA:68,22
DA:69,1
DA:71,22
DA:73,1
DA:84,23
DA:89,23
DA:90,27
DA:91,27
DA:92,27
DA:93,27
DA:94,27
DA:95,27
DA:96,27
DA:97,6
DA:99,27
DA:100,5
DA:102,27
DA:103,27
DA:105,23
LF:41
LH:41
BRDA:38,0,0,22
BRDA:38,0,1,1
BRDA:48,1,0,21
BRDA:48,1,1,1
BRDA:53,2,0,22
BRDA:53,2,1,21
BRDA:54,3,0,21
BRDA:54,3,1,1
BRDA:57,4,0,22
BRDA:57,4,1,1
BRDA:68,5,0,1
BRDA:68,5,1,21
BRDA:91,6,0,22
BRDA:91,6,1,5
BRDA:91,7,0,27
BRDA:91,7,1,5
BRDA:96,8,0,6
BRDA:96,8,1,21
BRDA:99,9,0,5
BRDA:99,9,1,22
BRF:20
BRH:20
end_of_record
TN:
SF:/Users/nabric/workspace/amadeus-video-player/src/tags/i18n/localize.tag
FN:3,(anonymous_0)
FN:8,(anonymous_1)
FN:14,(anonymous_2)
FN:18,(anonymous_3)
FNF:4
FNH:4
FNDA:216,(anonymous_0)
FNDA:189,(anonymous_1)
FNDA:344,(anonymous_2)
FNDA:533,(anonymous_3)
DA:2,1
DA:3,1
DA:6,216
DA:8,216
DA:10,189
DA:11,189
DA:14,216
DA:15,344
DA:18,216
DA:19,533
DA:20,533
DA:21,533
DA:22,530
DA:28,1
DA:29,0
DA:30,0
DA:31,0
LF:17
LH:14
BRDA:19,0,0,533
BRDA:19,0,1,0
BRDA:20,1,0,530
BRDA:20,1,1,3
BRDA:21,2,0,530
BRDA:21,2,1,3
BRDA:28,3,0,0
BRDA:28,3,1,1
BRDA:30,4,0,0
BRDA:30,4,1,0
BRF:10
BRH:6
end_of_record
TN:
SF:/Users/nabric/workspace/amadeus-video-player/src/tags/webplayer/header.tag
FN:3,(anonymous_0)
FN:10,_interopRequireDefault
FN:12,(anonymous_2)
FNF:3
FNH:3
FNDA:10,(anonymous_0)
FNDA:10,_interopRequireDefault
FNDA:9,(anonymous_2)
DA:2,1
DA:3,1
DA:6,10
DA:8,10
DA:10,10
DA:12,10
DA:13,9
DA:14,9
DA:15,1
DA:16,1
DA:17,1
DA:20,9
DA:24,1
DA:25,0
DA:26,0
DA:27,0
LF:16
LH:13
BRDA:10,0,0,10
BRDA:10,0,1,0
BRDA:10,1,0,10
BRDA:10,1,1,10
BRDA:14,2,0,1
BRDA:14,2,1,8
BRDA:16,3,0,1
BRDA:16,3,1,0
BRDA:24,4,0,0
BRDA:24,4,1,1
BRDA:26,5,0,0
BRDA:26,5,1,0
BRF:12
BRH:7
end_of_record
TN:
SF:/Users/nabric/workspace/amadeus-video-player/src/tags/webplayer/player.tag
FN:3,(anonymous_0)
FN:42,_interopRequireDefault
FN:44,_interopRequireWildcard
FN:86,(anonymous_3)
FN:108,(anonymous_4)
FN:147,(anonymous_5)
FN:153,(anonymous_6)
FN:158,(anonymous_7)
FN:165,(anonymous_8)
FN:174,(anonymous_9)
FN:182,(anonymous_10)
FN:188,(anonymous_11)
FN:214,(anonymous_12)
FN:227,(anonymous_13)
FN:236,(anonymous_14)
FN:248,(anonymous_15)
FN:255,(anonymous_16)
FN:263,(anonymous_17)
FN:287,(anonymous_18)
FN:292,(anonymous_19)
FN:307,(anonymous_20)
FN:311,(anonymous_21)
FN:316,(anonymous_22)
FN:337,(anonymous_23)
FN:357,(anonymous_24)
FN:364,(anonymous_25)
FN:377,(anonymous_26)
FN:392,(anonymous_27)
FN:411,(anonymous_28)
FN:426,(anonymous_29)
FN:434,(anonymous_30)
FN:446,(anonymous_31)
FN:451,(anonymous_32)
FN:456,(anonymous_33)
FN:460,(anonymous_34)
FN:464,(anonymous_35)
FN:472,(anonymous_36)
FN:473,(anonymous_37)
FN:483,(anonymous_38)
FN:490,(anonymous_39)
FN:500,(anonymous_40)
FNF:41
FNH:31
FNDA:20,(anonymous_0)
FNDA:80,_interopRequireDefault
FNDA:20,_interopRequireWildcard
FNDA:20,(anonymous_3)
FNDA:39,(anonymous_4)
FNDA:19,(anonymous_5)
FNDA:19,(anonymous_6)
FNDA:19,(anonymous_7)
FNDA:0,(anonymous_8)
FNDA:0,(anonymous_9)
FNDA:0,(anonymous_10)
FNDA:2,(anonymous_11)
FNDA:1,(anonymous_12)
FNDA:0,(anonymous_13)
FNDA:13,(anonymous_14)
FNDA:14,(anonymous_15)
FNDA:298,(anonymous_16)
FNDA:14,(anonymous_17)
FNDA:168,(anonymous_18)
FNDA:14,(anonymous_19)
FNDA:0,(anonymous_20)
FNDA:0,(anonymous_21)
FNDA:31,(anonymous_22)
FNDA:99,(anonymous_23)
FNDA:2,(anonymous_24)
FNDA:31,(anonymous_25)
FNDA:19,(anonymous_26)
FNDA:13,(anonymous_27)
FNDA:1,(anonymous_28)
FNDA:0,(anonymous_29)
FNDA:12,(anonymous_30)
FNDA:17,(anonymous_31)
FNDA:0,(anonymous_32)
FNDA:2,(anonymous_33)
FNDA:4,(anonymous_34)
FNDA:192,(anonymous_35)
FNDA:0,(anonymous_36)
FNDA:0,(anonymous_37)
FNDA:21,(anonymous_38)
FNDA:19,(anonymous_39)
FNDA:40,(anonymous_40)
DA:2,1
DA:3,1
DA:6,20
DA:8,20
DA:10,20
DA:12,20
DA:14,20
DA:16,20
DA:18,20
DA:20,20
DA:22,20
DA:24,20
DA:26,20
DA:28,20
DA:30,20
DA:32,20
DA:34,20
DA:36,20
DA:38,20
DA:40,20
DA:42,80
DA:44,20
DA:46,20
DA:47,20
DA:48,20
DA:49,20
DA:51,20
DA:52,20
DA:54,20
DA:55,20
DA:56,20
DA:58,20
DA:60,20
DA:61,20
DA:63,20
DA:64,20
DA:65,20
DA:67,20
DA:69,20
DA:71,20
DA:72,20
DA:73,20
DA:74,20
DA:76,20
DA:77,20
DA:78,20
DA:80,20
DA:81,20
DA:82,20
DA:84,20
DA:86,20
DA:87,20
DA:88,20
DA:90,20
DA:92,20
DA:93,20
DA:108,20
DA:109,39
DA:111,39
DA:112,39
DA:113,1
DA:115,38
DA:116,19
DA:118,19
DA:119,19
DA:120,19
DA:121,19
DA:122,19
DA:123,19
DA:124,19
DA:126,19
DA:129,19
DA:130,19
DA:132,19
DA:133,0
DA:134,0
DA:137,19
DA:138,8
DA:141,19
DA:143,38
DA:147,20
DA:148,19
DA:149,0
DA:153,20
DA:154,19
DA:155,19
DA:158,20
DA:159,19
DA:160,19
DA:161,19
DA:162,19
DA:165,20
DA:166,0
DA:167,0
DA:168,0
DA:169,0
DA:170,0
DA:174,20
DA:175,0
DA:176,0
DA:178,0
DA:182,20
DA:183,0
DA:184,0
DA:188,20
DA:189,2
DA:190,2
DA:192,2
DA:194,2
DA:195,2
DA:196,2
DA:198,2
DA:199,2
DA:200,2
DA:201,0
DA:203,2
DA:204,2
DA:205,2
DA:206,2
DA:207,0
DA:209,2
DA:211,2
DA:214,20
DA:215,1
DA:217,1
DA:218,1
DA:219,1
DA:220,0
DA:223,1
DA:224,1
DA:227,20
DA:228,0
DA:229,0
DA:230,0
DA:232,0
DA:233,0
DA:236,20
DA:237,13
DA:238,13
DA:239,0
DA:240,0
DA:243,13
DA:244,0
DA:248,20
DA:249,14
DA:250,14
DA:251,1
DA:255,20
DA:256,298
DA:257,298
DA:258,103
DA:260,298
DA:263,20
DA:264,14
DA:265,14
DA:266,13
DA:268,13
DA:269,13
DA:270,13
DA:271,0
DA:273,13
DA:274,13
DA:276,13
DA:279,1
DA:280,1
DA:282,14
DA:283,14
DA:284,14
DA:287,20
DA:288,168
DA:289,168
DA:292,20
DA:293,14
DA:294,14
DA:295,14
DA:296,14
DA:297,13
DA:298,13
DA:299,13
DA:300,13
DA:301,13
DA:304,14
DA:307,20
DA:308,0
DA:311,20
DA:312,0
DA:313,0
DA:316,20
DA:317,31
DA:318,31
DA:319,31
DA:320,14
DA:322,17
DA:324,31
DA:325,14
DA:328,31
DA:329,31
DA:330,14
DA:333,31
DA:334,31
DA:337,20
DA:338,99
DA:339,99
DA:341,99
DA:342,2
DA:344,97
DA:346,99
DA:347,99
DA:349,99
DA:350,99
DA:352,99
DA:353,0
DA:357,20
DA:358,2
DA:359,2
DA:360,2
DA:361,2
DA:364,20
DA:365,31
DA:366,31
DA:367,31
DA:368,31
DA:369,31
DA:370,28
DA:371,28
DA:372,28
DA:373,28
DA:377,20
DA:378,19
DA:379,19
DA:380,19
DA:388,19
DA:392,20
DA:393,13
DA:397,13
DA:398,0
DA:401,13
DA:402,0
DA:403,0
DA:404,0
DA:405,0
DA:406,0
DA:408,13
DA:411,20
DA:412,1
DA:413,1
DA:415,1
DA:416,1
DA:417,1
DA:418,1
DA:419,0
DA:420,0
DA:422,1
DA:426,20
DA:427,0
DA:428,0
DA:429,0
DA:430,0
DA:434,20
DA:435,12
DA:436,12
DA:437,12
DA:438,12
DA:439,12
DA:440,12
DA:441,12
DA:442,12
DA:446,20
DA:447,17
DA:448,17
DA:451,20
DA:452,0
DA:453,0
DA:456,20
DA:457,2
DA:460,20
DA:461,4
DA:464,20
DA:465,192
DA:466,114
DA:468,78
DA:472,20
DA:473,0
DA:474,0
DA:475,0
DA:476,0
DA:478,0
DA:483,20
DA:484,21
DA:485,21
DA:486,1
DA:490,20
DA:491,19
DA:492,19
DA:493,19
DA:495,19
DA:496,0
DA:500,20
DA:501,40
DA:506,1
DA:507,0
DA:508,0
DA:509,0
LF:303
LH:251
BRDA:42,0,0,80
BRDA:42,0,1,0
BRDA:42,1,0,80
BRDA:42,1,1,80
BRDA:44,2,0,20
BRDA:44,2,1,0
BRDA:44,3,0,20
BRDA:44,3,1,20
BRDA:44,4,0,0
BRDA:44,4,1,0
BRDA:44,5,0,0
BRDA:44,5,1,0
BRDA:47,6,0,20
BRDA:47,6,1,0
BRDA:47,7,0,20
BRDA:47,7,1,0
BRDA:48,8,0,20
BRDA:48,8,1,0
BRDA:51,9,0,20
BRDA:51,9,1,20
BRDA:52,10,0,20
BRDA:52,10,1,20
BRDA:54,11,0,9
BRDA:54,11,1,11
BRDA:55,12,0,0
BRDA:55,12,1,20
BRDA:56,13,0,0
BRDA:56,13,1,20
BRDA:60,14,0,20
BRDA:60,14,1,0
BRDA:112,15,0,1
BRDA:112,15,1,38
BRDA:115,16,0,19
BRDA:115,16,1,19
BRDA:121,17,0,19
BRDA:121,17,1,0
BRDA:123,18,0,19
BRDA:123,18,1,0
BRDA:132,19,0,0
BRDA:132,19,1,19
BRDA:132,20,0,19
BRDA:132,20,1,0
BRDA:137,21,0,8
BRDA:137,21,1,11
BRDA:148,22,0,0
BRDA:148,22,1,19
BRDA:169,23,0,0
BRDA:169,23,1,0
BRDA:169,24,0,0
BRDA:169,24,1,0
BRDA:169,24,2,0
BRDA:169,24,3,0
BRDA:175,25,0,0
BRDA:175,25,1,0
BRDA:183,26,0,0
BRDA:183,26,1,0
BRDA:192,27,0,2
BRDA:192,27,1,0
BRDA:192,28,0,2
BRDA:192,28,1,2
BRDA:194,29,0,2
BRDA:194,29,1,0
BRDA:200,30,0,0
BRDA:200,30,1,2
BRDA:200,31,0,2
BRDA:200,31,1,2
BRDA:206,32,0,0
BRDA:206,32,1,2
BRDA:206,33,0,2
BRDA:206,33,1,1
BRDA:218,34,0,1
BRDA:218,34,1,0
BRDA:218,35,0,1
BRDA:218,35,1,1
BRDA:219,36,0,0
BRDA:219,36,1,1
BRDA:219,37,0,1
BRDA:219,37,1,0
BRDA:219,37,2,0
BRDA:229,38,0,0
BRDA:229,38,1,0
BRDA:238,39,0,0
BRDA:238,39,1,13
BRDA:238,40,0,13
BRDA:238,40,1,0
BRDA:243,41,0,0
BRDA:243,41,1,13
BRDA:243,42,0,13
BRDA:243,42,1,0
BRDA:250,43,0,1
BRDA:250,43,1,13
BRDA:257,44,0,103
BRDA:257,44,1,195
BRDA:257,45,0,298
BRDA:257,45,1,218
BRDA:257,45,2,110
BRDA:257,45,3,110
BRDA:257,45,4,110
BRDA:265,46,0,13
BRDA:265,46,1,1
BRDA:266,47,0,13
BRDA:266,47,1,0
BRDA:266,48,0,13
BRDA:266,48,1,0
BRDA:270,49,0,0
BRDA:270,49,1,13
BRDA:270,50,0,13
BRDA:270,50,1,13
BRDA:273,51,0,13
BRDA:273,51,1,0
BRDA:289,52,0,168
BRDA:289,52,1,168
BRDA:289,52,2,168
BRDA:295,53,0,14
BRDA:295,53,1,14
BRDA:296,54,0,13
BRDA:296,54,1,1
BRDA:296,55,0,14
BRDA:296,55,1,13
BRDA:296,55,2,13
BRDA:298,56,0,13
BRDA:298,56,1,0
BRDA:317,57,0,0
BRDA:317,57,1,31
BRDA:318,58,0,1
BRDA:318,58,1,30
BRDA:319,59,0,14
BRDA:319,59,1,17
BRDA:324,60,0,14
BRDA:324,60,1,17
BRDA:329,61,0,14
BRDA:329,61,1,17
BRDA:338,62,0,97
BRDA:338,62,1,2
BRDA:339,63,0,97
BRDA:339,63,1,2
BRDA:341,64,0,2
BRDA:341,64,1,97
BRDA:349,65,0,99
BRDA:349,65,1,0
BRDA:352,66,0,0
BRDA:352,66,1,99
BRDA:378,67,0,19
BRDA:378,67,1,0
BRDA:378,68,0,19
BRDA:378,68,1,19
BRDA:381,69,0,19
BRDA:381,69,1,18
BRDA:382,70,0,19
BRDA:382,70,1,18
BRDA:383,71,0,1
BRDA:383,71,1,18
BRDA:397,72,0,0
BRDA:397,72,1,13
BRDA:401,73,0,0
BRDA:401,73,1,13
BRDA:401,74,0,13
BRDA:401,74,1,13
BRDA:402,75,0,0
BRDA:402,75,1,0
BRDA:404,76,0,0
BRDA:404,76,1,0
BRDA:415,77,0,1
BRDA:415,77,1,0
BRDA:415,78,0,1
BRDA:415,78,1,1
BRDA:418,79,0,0
BRDA:418,79,1,1
BRDA:428,80,0,0
BRDA:428,80,1,0
BRDA:435,81,0,12
BRDA:435,81,1,0
BRDA:436,82,0,12
BRDA:436,82,1,0
BRDA:437,83,0,12
BRDA:437,83,1,0
BRDA:437,84,0,12
BRDA:437,84,1,12
BRDA:465,85,0,114
BRDA:465,85,1,78
BRDA:465,86,0,192
BRDA:465,86,1,152
BRDA:474,87,0,0
BRDA:474,87,1,0
BRDA:475,88,0,0
BRDA:475,88,1,0
BRDA:485,89,0,1
BRDA:485,89,1,20
BRDA:485,90,0,21
BRDA:485,90,1,1
BRDA:485,90,2,1
BRDA:491,91,0,0
BRDA:491,91,1,19
BRDA:495,92,0,0
BRDA:495,92,1,19
BRDA:495,93,0,19
BRDA:495,93,1,19
BRDA:506,94,0,0
BRDA:506,94,1,1
BRDA:508,95,0,0
BRDA:508,95,1,0
BRF:201
BRH:129
end_of_record
TN:
SF:/Users/nabric/workspace/amadeus-video-player/src/tags/webplayer/requierement.tag
FN:3,(anonymous_0)
FN:6,(anonymous_1)
FNF:2
FNH:1
FNDA:21,(anonymous_0)
FNDA:0,(anonymous_1)
DA:2,1
DA:3,1
DA:6,21
DA:7,0
DA:8,0
DA:9,0
DA:14,1
DA:15,0
DA:16,0
DA:17,0
LF:10
LH:4
BRDA:14,0,0,0
BRDA:14,0,1,1
BRDA:16,1,0,0
BRDA:16,1,1,0
BRF:4
BRH:1
end_of_record
TN:
SF:/Users/nabric/workspace/amadeus-video-player/src/tags/webplayer/share.tag
FN:3,(anonymous_0)
FN:12,(anonymous_1)
FN:18,(anonymous_2)
FN:33,(anonymous_3)
FN:37,(anonymous_4)
FN:46,(anonymous_5)
FNF:6
FNH:6
FNDA:13,(anonymous_0)
FNDA:12,(anonymous_1)
FNDA:35,(anonymous_2)
FNDA:12,(anonymous_3)
FNDA:35,(anonymous_4)
FNDA:12,(anonymous_5)
DA:2,1
DA:3,1
DA:6,13
DA:8,13
DA:10,13
DA:12,13
DA:13,12
DA:14,12
DA:15,12
DA:18,13
DA:20,35
DA:21,35
DA:22,35
DA:23,35
DA:33,13
DA:34,12
DA:37,13
DA:38,35
DA:39,35
DA:40,35
DA:42,0
DA:46,13
DA:47,12
DA:52,1
DA:53,0
DA:54,0
DA:55,0
LF:27
LH:23
BRDA:20,0,0,35
BRDA:20,0,1,0
BRDA:20,1,0,35
BRDA:20,1,1,35
BRDA:20,1,2,35
BRDA:20,1,3,35
BRDA:21,2,0,35
BRDA:21,2,1,33
BRDA:39,3,0,35
BRDA:39,3,1,0
BRDA:39,4,0,35
BRDA:39,4,1,35
BRDA:39,4,2,35
BRDA:39,4,3,35
BRDA:52,5,0,0
BRDA:52,5,1,1
BRDA:54,6,0,0
BRDA:54,6,1,0
BRF:18
BRH:13
end_of_record
TN:
SF:/Users/nabric/workspace/amadeus-video-player/src/tags/webplayer/template.tag
FN:3,(anonymous_0)
FN:28,_interopRequireDefault
FN:30,_interopRequireWildcard
FN:43,(anonymous_3)
FN:49,_callee
FN:51,_callee$
FN:105,(anonymous_6)
FN:109,(anonymous_7)
FN:113,(anonymous_8)
FN:117,(anonymous_9)
FN:123,(anonymous_10)
FNF:11
FNH:10
FNDA:37,(anonymous_0)
FNDA:74,_interopRequireDefault
FNDA:37,_interopRequireWildcard
FNDA:36,(anonymous_3)
FNDA:116,_callee
FNDA:172,_callee$
FNDA:116,(anonymous_6)
FNDA:36,(anonymous_7)
FNDA:620,(anonymous_8)
FNDA:0,(anonymous_9)
FNDA:152,(anonymous_10)
DA:2,1
DA:3,1
DA:6,37
DA:8,37
DA:10,37
DA:12,37
DA:14,37
DA:16,37
DA:18,37
DA:20,37
DA:22,37
DA:24,37
DA:26,37
DA:28,74
DA:30,37
DA:32,37
DA:33,37
DA:35,37
DA:37,37
DA:38,37
DA:40,37
DA:41,37
DA:43,37
DA:44,36
DA:45,36
DA:46,36
DA:49,37
DA:51,116
DA:52,172
DA:53,302
DA:55,116
DA:56,116
DA:57,116
DA:58,116
DA:60,116
DA:61,88
DA:62,88
DA:65,28
DA:66,28
DA:67,28
DA:68,28
DA:71,14
DA:72,14
DA:73,14
DA:76,14
DA:77,14
DA:79,14
DA:80,14
DA:83,28
DA:85,28
DA:87,28
DA:88,28
DA:91,28
DA:92,28
DA:95,88
DA:99,116
DA:105,37
DA:106,116
DA:109,37
DA:110,36
DA:113,37
DA:114,620
DA:117,37
DA:118,0
DA:119,0
DA:120,0
DA:123,37
DA:124,152
DA:129,1
DA:130,0
DA:131,0
DA:132,0
LF:72
LH:66
BRDA:28,0,0,74
BRDA:28,0,1,0
BRDA:28,1,0,74
BRDA:28,1,1,74
BRDA:30,2,0,37
BRDA:30,2,1,0
BRDA:30,3,0,37
BRDA:30,3,1,37
BRDA:30,4,0,0
BRDA:30,4,1,0
BRDA:30,5,0,0
BRDA:30,5,1,0
BRDA:53,6,0,116
BRDA:53,6,1,14
BRDA:53,6,2,14
BRDA:53,6,3,28
BRDA:53,6,4,28
BRDA:53,6,5,88
BRDA:53,6,6,116
BRDA:53,6,7,116
BRDA:60,7,0,88
BRDA:60,7,1,28
BRDA:60,8,0,116
BRDA:60,8,1,60
BRDA:114,9,0,620
BRDA:114,9,1,620
BRDA:114,9,2,620
BRDA:129,10,0,0
BRDA:129,10,1,1
BRDA:131,11,0,0
BRDA:131,11,1,0
BRF:31
BRH:22
end_of_record
TN:
SF:/Users/nabric/workspace/amadeus-video-player/src/tags/webplayer/tutorial.tag
FN:3,(anonymous_0)
FNF:1
FNH:1
FNDA:21,(anonymous_0)
DA:2,1
DA:3,1
DA:7,1
DA:8,0
DA:9,0
DA:10,0
LF:6
LH:3
BRDA:7,0,0,0
BRDA:7,0,1,1
BRDA:9,1,0,0
BRDA:9,1,1,0
BRF:4
BRH:1
end_of_record
TN:
SF:/Users/nabric/workspace/amadeus-video-player/src/tags/webplayer/mixins/template.js
FN:34,_interopRequireDefault
FN:36,_interopRequireWildcard
FN:38,_classCallCheck
FN:40,(anonymous_3)
FN:41,TemplateMixin
FN:50,addResizeListener
FN:55,addFullscreenChangeListener
FN:59,(anonymous_7)
FN:66,removeLsiteners
FN:69,(anonymous_9)
FN:77,onResize
FN:101,getPadding
FN:108,getPhotoReferences
FN:111,(anonymous_13)
FN:118,(anonymous_14)
FN:124,(anonymous_15)
FN:130,(anonymous_16)
FN:135,(anonymous_17)
FN:142,getType
FN:152,getCTALabel
FN:160,getCTADefaultLabel
FN:173,getCTALink
FN:188,hasCtaLink
FN:193,onCtaLink
FN:198,hasTips
FNF:25
FNH:23
FNDA:5,_interopRequireDefault
FNDA:1,_interopRequireWildcard
FNDA:5,_classCallCheck
FNDA:1,(anonymous_3)
FNDA:5,TemplateMixin
FNDA:48,addResizeListener
FNDA:116,addFullscreenChangeListener
FNDA:0,(anonymous_7)
FNDA:48,removeLsiteners
FNDA:48,(anonymous_9)
FNDA:164,onResize
FNDA:86,getPadding
FNDA:18,getPhotoReferences
FNDA:18,(anonymous_13)
FNDA:3,(anonymous_14)
FNDA:14,(anonymous_15)
FNDA:140,(anonymous_16)
FNDA:1,(anonymous_17)
FNDA:815,getType
FNDA:143,getCTALabel
FNDA:143,getCTADefaultLabel
FNDA:246,getCTALink
FNDA:310,hasCtaLink
FNDA:0,onCtaLink
FNDA:520,hasTips
DA:3,1
DA:6,1
DA:8,1
DA:10,1
DA:12,1
DA:14,1
DA:16,1
DA:18,1
DA:20,1
DA:22,1
DA:24,1
DA:26,1
DA:28,1
DA:30,1
DA:32,1
DA:34,5
DA:36,1
DA:38,5
DA:40,1
DA:42,5
DA:44,5
DA:45,5
DA:46,5
DA:47,5
DA:50,1
DA:51,48
DA:52,48
DA:55,1
DA:56,116
DA:58,116
DA:59,19
DA:60,0
DA:62,19
DA:66,1
DA:67,48
DA:69,48
DA:70,48
DA:72,48
DA:73,19
DA:77,1
DA:78,164
DA:79,164
DA:80,164
DA:81,164
DA:82,164
DA:83,86
DA:84,86
DA:85,86
DA:86,3
DA:88,86
DA:89,86
DA:91,86
DA:92,86
DA:93,86
DA:94,1
DA:96,86
DA:101,1
DA:102,86
DA:103,86
DA:104,86
DA:105,86
DA:108,1
DA:109,18
DA:111,18
DA:112,18
DA:113,18
DA:114,18
DA:115,18
DA:116,3
DA:117,3
DA:118,2
DA:119,3
DA:122,3
DA:124,15
DA:125,14
DA:126,14
DA:127,14
DA:128,0
DA:130,14
DA:131,140
DA:133,14
DA:136,1
DA:142,1
DA:143,815
DA:144,815
DA:145,813
DA:146,2
DA:147,0
DA:149,815
DA:152,1
DA:153,143
DA:154,143
DA:155,6
DA:157,143
DA:160,1
DA:161,143
DA:162,143
DA:163,143
DA:164,12
DA:165,131
DA:166,6
DA:167,125
DA:168,6
DA:170,143
DA:173,1
DA:174,246
DA:175,246
DA:177,246
DA:178,246
DA:179,246
DA:180,82
DA:181,164
DA:182,46
DA:183,46
DA:185,246
DA:188,1
DA:189,310
DA:190,310
DA:193,1
DA:194,0
DA:195,0
DA:198,1
DA:199,520
DA:202,1
DA:205,1
LF:125
LH:120
BRDA:34,0,0,5
BRDA:34,0,1,0
BRDA:34,1,0,5
BRDA:34,1,1,5
BRDA:36,2,0,1
BRDA:36,2,1,0
BRDA:36,3,0,1
BRDA:36,3,1,1
BRDA:36,4,0,0
BRDA:36,4,1,0
BRDA:36,5,0,0
BRDA:36,5,1,0
BRDA:38,6,0,0
BRDA:38,6,1,5
BRDA:58,7,0,19
BRDA:58,7,1,97
BRDA:58,8,0,116
BRDA:58,8,1,49
BRDA:72,9,0,19
BRDA:72,9,1,29
BRDA:79,10,0,164
BRDA:79,10,1,0
BRDA:82,11,0,86
BRDA:82,11,1,78
BRDA:83,12,0,86
BRDA:83,12,1,0
BRDA:85,13,0,3
BRDA:85,13,1,83
BRDA:85,14,0,86
BRDA:85,14,1,86
BRDA:91,15,0,0
BRDA:91,15,1,86
BRDA:93,16,0,1
BRDA:93,16,1,85
BRDA:93,17,0,86
BRDA:93,17,1,86
BRDA:103,18,0,0
BRDA:103,18,1,86
BRDA:103,19,0,0
BRDA:103,19,1,0
BRDA:104,20,0,1
BRDA:104,20,1,85
BRDA:104,21,0,86
BRDA:104,21,1,86
BRDA:112,22,0,18
BRDA:112,22,1,0
BRDA:113,23,0,18
BRDA:113,23,1,17
BRDA:114,24,0,18
BRDA:114,24,1,2
BRDA:114,24,2,17
BRDA:114,24,3,16
BRDA:115,25,0,3
BRDA:115,25,1,15
BRDA:116,26,0,2
BRDA:116,26,1,1
BRDA:117,27,0,2
BRDA:117,27,1,1
BRDA:117,28,0,3
BRDA:117,28,1,2
BRDA:122,29,0,0
BRDA:122,29,1,3
BRDA:125,30,0,14
BRDA:125,30,1,0
BRDA:125,31,0,14
BRDA:125,31,1,14
BRDA:125,31,2,14
BRDA:127,32,0,0
BRDA:127,32,1,14
BRDA:127,33,0,14
BRDA:127,33,1,14
BRDA:127,33,2,14
BRDA:133,34,0,14
BRDA:133,34,1,0
BRDA:144,35,0,813
BRDA:144,35,1,2
BRDA:144,36,0,815
BRDA:144,36,1,813
BRDA:146,37,0,0
BRDA:146,37,1,2
BRDA:146,38,0,2
BRDA:146,38,1,2
BRDA:147,39,0,0
BRDA:147,39,1,0
BRDA:154,40,0,6
BRDA:154,40,1,137
BRDA:154,41,0,143
BRDA:154,41,1,143
BRDA:163,42,0,12
BRDA:163,42,1,131
BRDA:165,43,0,6
BRDA:165,43,1,125
BRDA:167,44,0,6
BRDA:167,44,1,119
BRDA:174,45,0,246
BRDA:174,45,1,98
BRDA:175,46,0,246
BRDA:175,46,1,20
BRDA:179,47,0,82
BRDA:179,47,1,164
BRDA:179,48,0,246
BRDA:179,48,1,244
BRDA:181,49,0,46
BRDA:181,49,1,118
BRDA:181,50,0,164
BRDA:181,50,1,58
BRDA:181,50,2,58
BRDA:182,51,0,7
BRDA:182,51,1,39
BRDA:190,52,0,310
BRDA:190,52,1,286
BRDA:190,52,2,60
BRDA:199,53,0,520
BRDA:199,53,1,208
BRF:114
BRH:93
end_of_record
TN:
SF:/Users/nabric/workspace/amadeus-video-player/src/tags/webplayer/mixins/versioned.js
FN:3,_classCallCheck
FN:5,(anonymous_1)
FN:6,VersionedMixin
FN:10,getVersion
FN:15,get
FN:16,(anonymous_5)
FN:20,(anonymous_6)
FN:22,(anonymous_7)
FN:27,getVersioningKeys
FNF:9
FNH:9
FNDA:1,_classCallCheck
FNDA:1,(anonymous_1)
FNDA:1,VersionedMixin
FNDA:503,getVersion
FNDA:1040,get
FNDA:3120,(anonymous_5)
FNDA:1040,(anonymous_6)
FNDA:1040,(anonymous_7)
FNDA:198,getVersioningKeys
DA:3,1
DA:5,1
DA:7,1
DA:10,1
DA:11,503
DA:13,503
DA:14,503
DA:15,503
DA:16,1040
DA:17,3120
DA:20,503
DA:21,1040
DA:23,1040
DA:27,1
DA:28,198
DA:31,1
DA:34,1
LF:17
LH:17
BRDA:3,0,0,0
BRDA:3,0,1,1
BRDA:17,1,0,2592
BRDA:17,1,1,528
BRDA:17,2,0,3120
BRDA:17,2,1,2846
BRF:6
BRH:5
end_of_record
TN:
SF:/Users/nabric/workspace/amadeus-video-player/src/tags/webplayer/templates/large.tag
FN:3,(anonymous_0)
FN:28,_interopRequireDefault
FN:32,(anonymous_2)
FNF:3
FNH:3
FNDA:32,(anonymous_0)
FNDA:32,_interopRequireDefault
FNDA:142,(anonymous_2)
DA:2,1
DA:3,1
DA:6,32
DA:8,32
DA:10,32
DA:12,32
DA:14,32
DA:16,32
DA:18,32
DA:20,32
DA:22,32
DA:24,32
DA:26,32
DA:28,32
DA:30,32
DA:32,32
DA:33,142
DA:38,1
DA:39,0
DA:40,0
DA:41,0
LF:21
LH:18
BRDA:28,0,0,32
BRDA:28,0,1,0
BRDA:28,1,0,32
BRDA:28,1,1,32
BRDA:38,2,0,0
BRDA:38,2,1,1
BRDA:40,3,0,0
BRDA:40,3,1,0
BRF:8
BRH:4
end_of_record
TN:
SF:/Users/nabric/workspace/amadeus-video-player/src/tags/webplayer/templates/small.tag
FN:3,(anonymous_0)
FN:22,_interopRequireDefault
FN:26,(anonymous_2)
FNF:3
FNH:3
FNDA:10,(anonymous_0)
FNDA:10,_interopRequireDefault
FNDA:24,(anonymous_2)
DA:2,1
DA:3,1
DA:6,10
DA:8,10
DA:10,10
DA:12,10
DA:14,10
DA:16,10
DA:18,10
DA:20,10
DA:22,10
DA:24,10
DA:26,10
DA:27,24
DA:32,1
DA:33,0
DA:34,0
DA:35,0
LF:18
LH:15
BRDA:22,0,0,10
BRDA:22,0,1,0
BRDA:22,1,0,10
BRDA:22,1,1,10
BRDA:32,2,0,0
BRDA:32,2,1,1
BRDA:34,3,0,0
BRDA:34,3,1,0
BRF:8
BRH:4
end_of_record
TN:
SF:/Users/nabric/workspace/amadeus-video-player/src/tags/webplayer/templates/components/additional-info.tag
FN:3,(anonymous_0)
FN:14,_interopRequireDefault
FN:23,_callee
FN:25,_callee$
FN:67,(anonymous_4)
FN:71,(anonymous_5)
FN:75,(anonymous_6)
FNF:7
FNH:7
FNDA:3,(anonymous_0)
FNDA:3,_interopRequireDefault
FNDA:6,_callee
FNDA:12,_callee$
FNDA:10,(anonymous_4)
FNDA:10,(anonymous_5)
FNDA:10,(anonymous_6)
DA:2,1
DA:3,1
DA:6,3
DA:8,3
DA:10,3
DA:12,3
DA:14,3
DA:16,3
DA:17,3
DA:18,3
DA:19,3
DA:21,3
DA:23,3
DA:25,6
DA:26,12
DA:27,17
DA:29,6
DA:31,6
DA:32,3
DA:33,3
DA:36,3
DA:37,3
DA:38,3
DA:39,3
DA:42,2
DA:43,2
DA:44,2
DA:47,1
DA:48,1
DA:50,1
DA:53,3
DA:55,3
DA:56,3
DA:57,3
DA:61,6
DA:67,3
DA:68,10
DA:71,3
DA:72,10
DA:75,3
DA:76,10
DA:80,1
DA:81,0
DA:82,0
DA:83,0
LF:45
LH:42
BRDA:14,0,0,3
BRDA:14,0,1,0
BRDA:14,1,0,3
BRDA:14,1,1,3
BRDA:27,2,0,6
BRDA:27,2,1,2
BRDA:27,2,2,1
BRDA:27,2,3,3
BRDA:27,2,4,6
BRDA:27,2,5,6
BRDA:31,3,0,3
BRDA:31,3,1,3
BRDA:31,4,0,6
BRDA:31,4,1,6
BRDA:68,5,0,10
BRDA:68,5,1,10
BRDA:68,5,2,10
BRDA:72,6,0,10
BRDA:72,6,1,10
BRDA:72,6,2,10
BRDA:72,6,3,8
BRDA:76,7,0,10
BRDA:76,7,1,10
BRDA:76,7,2,10
BRDA:80,8,0,0
BRDA:80,8,1,1
BRDA:82,9,0,0
BRDA:82,9,1,0
BRF:28
BRH:24
end_of_record
TN:
SF:/Users/nabric/workspace/amadeus-video-player/src/tags/webplayer/templates/components/address.tag
FN:3,(anonymous_0)
FN:14,_interopRequireDefault
FN:20,_callee
FN:22,_callee$
FNF:4
FNH:4
FNDA:3,(anonymous_0)
FNDA:3,_interopRequireDefault
FNDA:6,_callee
FNDA:12,_callee$
DA:2,1
DA:3,1
DA:6,3
DA:8,3
DA:10,3
DA:12,3
DA:14,3
DA:16,3
DA:17,3
DA:18,3
DA:20,3
DA:22,6
DA:23,12
DA:24,17
DA:26,6
DA:28,6
DA:29,3
DA:30,3
DA:33,3
DA:34,3
DA:35,3
DA:36,3
DA:39,2
DA:40,2
DA:41,2
DA:44,1
DA:45,1
DA:47,1
DA:50,3
DA:52,3
DA:53,3
DA:57,6
DA:64,1
DA:65,0
DA:66,0
DA:67,0
LF:36
LH:33
BRDA:14,0,0,3
BRDA:14,0,1,0
BRDA:14,1,0,3
BRDA:14,1,1,3
BRDA:24,2,0,6
BRDA:24,2,1,2
BRDA:24,2,2,1
BRDA:24,2,3,3
BRDA:24,2,4,6
BRDA:24,2,5,6
BRDA:28,3,0,3
BRDA:28,3,1,3
BRDA:28,4,0,6
BRDA:28,4,1,6
BRDA:64,5,0,0
BRDA:64,5,1,1
BRDA:66,6,0,0
BRDA:66,6,1,0
BRF:18
BRH:14
end_of_record
TN:
SF:/Users/nabric/workspace/amadeus-video-player/src/tags/webplayer/templates/components/budget.tag
FN:4,(anonymous_0)
FN:23,_interopRequireDefault
FN:34,(anonymous_2)
FN:38,(anonymous_3)
FN:51,_callee
FN:53,_callee$
FN:90,(anonymous_6)
FN:95,(anonymous_7)
FN:115,(anonymous_8)
FNF:9
FNH:9
FNDA:21,(anonymous_0)
FNDA:42,_interopRequireDefault
FNDA:21,(anonymous_2)
FNDA:26,(anonymous_3)
FNDA:9,_callee
FNDA:27,_callee$
FNDA:21,(anonymous_6)
FNDA:8,(anonymous_7)
FNDA:10,(anonymous_8)
DA:2,1
DA:4,1
DA:7,21
DA:9,21
DA:11,21
DA:13,21
DA:15,21
DA:17,21
DA:19,21
DA:21,21
DA:23,42
DA:25,21
DA:26,21
DA:28,21
DA:29,21
DA:30,21
DA:31,21
DA:32,21
DA:34,21
DA:35,21
DA:38,21
DA:39,26
DA:40,14
DA:41,14
DA:42,9
DA:43,9
DA:44,9
DA:47,12
DA:51,21
DA:53,9
DA:54,27
DA:55,35
DA:57,9
DA:58,9
DA:59,9
DA:62,8
DA:64,8
DA:65,8
DA:66,8
DA:69,1
DA:70,1
DA:72,1
DA:73,1
DA:74,1
DA:77,9
DA:79,9
DA:80,9
DA:84,9
DA:90,21
DA:91,21
DA:92,21
DA:95,21
DA:96,8
DA:97,8
DA:98,8
DA:99,8
DA:100,8
DA:101,8
DA:102,8
DA:103,8
DA:104,2
DA:105,2
DA:106,2
DA:107,2
DA:108,2
DA:111,0
DA:115,21
DA:116,10
DA:121,1
DA:122,0
DA:123,0
DA:124,0
LF:72
LH:68
BRDA:23,0,0,42
BRDA:23,0,1,0
BRDA:23,1,0,42
BRDA:23,1,1,42
BRDA:39,2,0,14
BRDA:39,2,1,12
BRDA:41,3,0,9
BRDA:41,3,1,5
BRDA:41,4,0,14
BRDA:41,4,1,14
BRDA:55,5,0,9
BRDA:55,5,1,8
BRDA:55,5,2,1
BRDA:55,5,3,9
BRDA:55,5,4,9
BRDA:55,5,5,9
BRDA:97,6,0,8
BRDA:97,6,1,0
BRDA:97,7,0,8
BRDA:97,7,1,8
BRDA:98,8,0,8
BRDA:98,8,1,0
BRDA:103,9,0,2
BRDA:103,9,1,6
BRDA:103,10,0,8
BRDA:103,10,1,8
BRDA:103,10,2,2
BRDA:116,11,0,10
BRDA:116,11,1,0
BRDA:121,12,0,0
BRDA:121,12,1,1
BRDA:123,13,0,0
BRDA:123,13,1,0
BRF:33
BRH:26
end_of_record
TN:
SF:/Users/nabric/workspace/amadeus-video-player/src/tags/webplayer/templates/components/carousel.tag
FN:4,(anonymous_0)
FN:15,_interopRequireWildcard
FN:22,(anonymous_2)
FN:26,(anonymous_3)
FN:36,(anonymous_4)
FN:40,(anonymous_5)
FN:47,(anonymous_6)
FN:53,(anonymous_7)
FN:59,(anonymous_8)
FN:63,(anonymous_9)
FNF:10
FNH:10
FNDA:49,(anonymous_0)
FNDA:49,_interopRequireWildcard
FNDA:46,(anonymous_2)
FNDA:121,(anonymous_3)
FNDA:46,(anonymous_4)
FNDA:79,(anonymous_5)
FNDA:79,(anonymous_6)
FNDA:3,(anonymous_7)
FNDA:172,(anonymous_8)
FNDA:2,(anonymous_9)
DA:2,1
DA:4,1
DA:7,49
DA:9,49
DA:11,49
DA:13,49
DA:15,49
DA:17,49
DA:18,49
DA:19,49
DA:20,49
DA:22,49
DA:23,46
DA:26,49
DA:27,121
DA:28,121
DA:29,33
DA:30,33
DA:31,33
DA:32,33
DA:36,49
DA:37,46
DA:40,49
DA:41,79
DA:42,58
DA:43,58
DA:47,49
DA:48,79
DA:49,58
DA:53,49
DA:54,3
DA:55,1
DA:59,49
DA:60,172
DA:63,49
DA:64,2
DA:65,2
DA:66,2
DA:72,1
DA:73,0
DA:74,0
DA:75,0
LF:42
LH:39
BRDA:15,0,0,49
BRDA:15,0,1,0
BRDA:15,1,0,49
BRDA:15,1,1,49
BRDA:15,2,0,0
BRDA:15,2,1,0
BRDA:15,3,0,0
BRDA:15,3,1,0
BRDA:28,4,0,33
BRDA:28,4,1,88
BRDA:28,5,0,121
BRDA:28,5,1,65
BRDA:41,6,0,58
BRDA:41,6,1,21
BRDA:42,7,0,58
BRDA:42,7,1,47
BRDA:48,8,0,58
BRDA:48,8,1,21
BRDA:54,9,0,1
BRDA:54,9,1,2
BRDA:54,10,0,3
BRDA:54,10,1,3
BRDA:60,11,0,172
BRDA:60,11,1,172
BRDA:64,12,0,2
BRDA:64,12,1,0
BRDA:72,13,0,0
BRDA:72,13,1,1
BRDA:74,14,0,0
BRDA:74,14,1,0
BRF:30
BRH:21
end_of_record
TN:
SF:/Users/nabric/workspace/amadeus-video-player/src/tags/webplayer/templates/components/flight.tag
FN:3,(anonymous_0)
FN:22,_interopRequireDefault
FN:36,(anonymous_2)
FN:40,(anonymous_3)
FN:53,(anonymous_4)
FN:57,(anonymous_5)
FN:67,(anonymous_6)
FN:73,_callee
FN:75,_callee$
FN:151,(anonymous_9)
FN:153,(anonymous_10)
FN:169,(anonymous_11)
FN:174,(anonymous_12)
FN:176,(anonymous_13)
FN:195,(anonymous_14)
FNF:15
FNH:15
FNDA:22,(anonymous_0)
FNDA:44,_interopRequireDefault
FNDA:22,(anonymous_2)
FNDA:30,(anonymous_3)
FNDA:23,(anonymous_4)
FNDA:23,(anonymous_5)
FNDA:22,(anonymous_6)
FNDA:10,_callee
FNDA:48,_callee$
FNDA:8,(anonymous_9)
FNDA:38,(anonymous_10)
FNDA:2,(anonymous_11)
FNDA:8,(anonymous_12)
FNDA:38,(anonymous_13)
FNDA:38,(anonymous_14)
DA:2,1
DA:3,1
DA:6,22
DA:8,22
DA:10,22
DA:12,22
DA:14,22
DA:16,22
DA:18,22
DA:20,22
DA:22,44
DA:24,22
DA:26,22
DA:28,22
DA:29,22
DA:30,22
DA:31,22
DA:33,22
DA:34,22
DA:36,22
DA:37,22
DA:40,22
DA:41,30
DA:42,18
DA:43,18
DA:44,10
DA:45,10
DA:46,10
DA:49,12
DA:53,22
DA:54,23
DA:57,22
DA:58,23
DA:59,23
DA:60,23
DA:61,18
DA:62,18
DA:64,23
DA:67,22
DA:68,22
DA:69,22
DA:70,22
DA:73,22
DA:75,10
DA:76,48
DA:77,64
DA:79,10
DA:80,10
DA:81,10
DA:84,9
DA:85,9
DA:87,9
DA:88,0
DA:89,0
DA:92,9
DA:93,9
DA:96,9
DA:98,9
DA:99,0
DA:100,0
DA:103,9
DA:104,9
DA:106,9
DA:107,9
DA:109,9
DA:110,0
DA:112,9
DA:113,9
DA:116,8
DA:118,8
DA:119,8
DA:120,8
DA:123,0
DA:124,0
DA:127,8
DA:128,8
DA:131,2
DA:132,2
DA:134,2
DA:135,2
DA:138,10
DA:140,10
DA:141,10
DA:145,10
DA:151,22
DA:152,8
DA:153,8
DA:154,38
DA:155,38
DA:157,8
DA:158,8
DA:159,8
DA:160,8
DA:161,8
DA:163,0
DA:165,8
DA:166,8
DA:169,22
DA:170,2
DA:171,2
DA:174,22
DA:175,8
DA:176,8
DA:177,38
DA:179,8
DA:180,8
DA:181,8
DA:183,8
DA:184,8
DA:185,8
DA:186,8
DA:187,0
DA:189,8
DA:195,22
DA:196,38
DA:201,1
DA:202,0
DA:203,0
DA:204,0
LF:119
LH:107
BRDA:22,0,0,44
BRDA:22,0,1,0
BRDA:22,1,0,44
BRDA:22,1,1,44
BRDA:41,2,0,18
BRDA:41,2,1,12
BRDA:43,3,0,10
BRDA:43,3,1,8
BRDA:43,4,0,18
BRDA:43,4,1,18
BRDA:54,5,0,23
BRDA:54,5,1,0
BRDA:60,6,0,18
BRDA:60,6,1,5
BRDA:61,7,0,18
BRDA:61,7,1,0
BRDA:62,8,0,18
BRDA:62,8,1,0
BRDA:69,9,0,22
BRDA:69,9,1,13
BRDA:77,10,0,10
BRDA:77,10,1,9
BRDA:77,10,2,9
BRDA:77,10,3,8
BRDA:77,10,4,0
BRDA:77,10,5,8
BRDA:77,10,6,2
BRDA:77,10,7,10
BRDA:77,10,8,10
BRDA:77,10,9,10
BRDA:87,11,0,0
BRDA:87,11,1,9
BRDA:87,12,0,9
BRDA:87,12,1,9
BRDA:87,12,2,9
BRDA:98,13,0,0
BRDA:98,13,1,9
BRDA:106,14,0,9
BRDA:106,14,1,0
BRDA:109,15,0,0
BRDA:109,15,1,9
BRDA:152,16,0,8
BRDA:152,16,1,0
BRDA:175,17,0,8
BRDA:175,17,1,0
BRDA:175,18,0,8
BRDA:175,18,1,8
BRDA:179,19,0,8
BRDA:179,19,1,0
BRDA:181,20,0,8
BRDA:181,20,1,0
BRDA:186,21,0,0
BRDA:186,21,1,8
BRDA:186,22,0,8
BRDA:186,22,1,8
BRDA:196,23,0,38
BRDA:196,23,1,0
BRDA:201,24,0,0
BRDA:201,24,1,1
BRDA:203,25,0,0
BRDA:203,25,1,0
BRF:61
BRH:43
end_of_record
TN:
SF:/Users/nabric/workspace/amadeus-video-player/src/tags/webplayer/templates/components/hotel.tag
FN:3,(anonymous_0)
FN:22,_interopRequireDefault
FN:36,(anonymous_2)
FN:40,(anonymous_3)
FN:52,(anonymous_4)
FN:57,_callee
FN:59,_callee$
FN:137,(anonymous_7)
FN:147,(anonymous_8)
FN:153,(anonymous_9)
FN:164,(anonymous_10)
FNF:11
FNH:10
FNDA:11,(anonymous_0)
FNDA:22,_interopRequireDefault
FNDA:11,(anonymous_2)
FNDA:17,(anonymous_3)
FNDA:11,(anonymous_4)
FNDA:9,_callee
FNDA:29,_callee$
FNDA:6,(anonymous_7)
FNDA:0,(anonymous_8)
FNDA:7,(anonymous_9)
FNDA:5,(anonymous_10)
DA:2,1
DA:3,1
DA:6,11
DA:8,11
DA:10,11
DA:12,11
DA:14,11
DA:16,11
DA:18,11
DA:20,11
DA:22,22
DA:24,11
DA:25,11
DA:26,11
DA:28,11
DA:29,11
DA:31,11
DA:32,11
DA:36,11
DA:37,11
DA:40,11
DA:41,17
DA:42,16
DA:43,16
DA:44,9
DA:45,9
DA:48,1
DA:52,11
DA:53,11
DA:54,11
DA:57,11
DA:59,9
DA:60,29
DA:61,47
DA:63,9
DA:64,9
DA:65,9
DA:68,7
DA:70,7
DA:71,7
DA:72,7
DA:73,7
DA:74,7
DA:76,7
DA:77,0
DA:78,0
DA:81,7
DA:82,7
DA:83,7
DA:86,0
DA:87,0
DA:90,0
DA:92,0
DA:93,0
DA:94,0
DA:97,7
DA:99,7
DA:100,5
DA:101,5
DA:104,1
DA:105,1
DA:108,1
DA:111,6
DA:114,6
DA:115,6
DA:118,3
DA:119,3
DA:121,3
DA:124,9
DA:126,9
DA:127,9
DA:131,9
DA:137,11
DA:138,6
DA:139,6
DA:140,6
DA:141,5
DA:147,11
DA:148,0
DA:149,0
DA:150,0
DA:153,11
DA:154,7
DA:155,7
DA:156,7
DA:157,7
DA:158,7
DA:159,7
DA:161,7
DA:164,11
DA:165,5
DA:170,1
DA:171,0
DA:172,0
DA:173,0
LF:95
LH:81
BRDA:22,0,0,22
BRDA:22,0,1,0
BRDA:22,1,0,22
BRDA:22,1,1,22
BRDA:41,2,0,16
BRDA:41,2,1,1
BRDA:43,3,0,9
BRDA:43,3,1,7
BRDA:43,4,0,16
BRDA:43,4,1,16
BRDA:53,5,0,11
BRDA:53,5,1,0
BRDA:61,6,0,9
BRDA:61,6,1,7
BRDA:61,6,2,0
BRDA:61,6,3,7
BRDA:61,6,4,1
BRDA:61,6,5,6
BRDA:61,6,6,6
BRDA:61,6,7,3
BRDA:61,6,8,9
BRDA:61,6,9,9
BRDA:61,6,10,9
BRDA:70,7,0,7
BRDA:70,7,1,1
BRDA:76,8,0,0
BRDA:76,8,1,7
BRDA:81,9,0,7
BRDA:81,9,1,0
BRDA:81,10,0,7
BRDA:81,10,1,0
BRDA:99,11,0,5
BRDA:99,11,1,1
BRDA:140,12,0,5
BRDA:140,12,1,1
BRDA:155,13,0,7
BRDA:155,13,1,0
BRDA:158,14,0,7
BRDA:158,14,1,7
BRDA:158,14,2,0
BRDA:165,15,0,5
BRDA:165,15,1,0
BRDA:170,16,0,0
BRDA:170,16,1,1
BRDA:172,17,0,0
BRDA:172,17,1,0
BRF:46
BRH:34
end_of_record
TN:
SF:/Users/nabric/workspace/amadeus-video-player/src/tags/webplayer/templates/components/tour.tag
FN:4,(anonymous_0)
FN:23,_interopRequireDefault
FN:32,(anonymous_2)
FN:45,_callee
FN:47,_callee$
FN:99,(anonymous_5)
FN:107,(anonymous_6)
FNF:7
FNH:7
FNDA:11,(anonymous_0)
FNDA:22,_interopRequireDefault
FNDA:18,(anonymous_2)
FNDA:9,_callee
FNDA:22,_callee$
FNDA:6,(anonymous_5)
FNDA:5,(anonymous_6)
DA:2,1
DA:4,1
DA:7,11
DA:9,11
DA:11,11
DA:13,11
DA:15,11
DA:17,11
DA:19,11
DA:21,11
DA:23,22
DA:25,11
DA:26,11
DA:28,11
DA:29,11
DA:30,11
DA:32,11
DA:33,18
DA:34,17
DA:35,17
DA:36,9
DA:37,9
DA:38,9
DA:41,1
DA:45,11
DA:47,9
DA:48,22
DA:49,33
DA:51,9
DA:52,9
DA:54,9
DA:55,0
DA:56,0
DA:59,9
DA:61,9
DA:62,5
DA:63,5
DA:66,2
DA:67,2
DA:70,1
DA:73,6
DA:76,6
DA:77,6
DA:80,3
DA:81,3
DA:83,3
DA:86,9
DA:88,9
DA:89,9
DA:93,9
DA:99,11
DA:100,6
DA:101,6
DA:102,6
DA:103,5
DA:107,11
DA:108,5
DA:113,1
DA:114,0
DA:115,0
DA:116,0
LF:61
LH:56
BRDA:23,0,0,22
BRDA:23,0,1,0
BRDA:23,1,0,22
BRDA:23,1,1,22
BRDA:33,2,0,17
BRDA:33,2,1,1
BRDA:35,3,0,9
BRDA:35,3,1,8
BRDA:35,4,0,17
BRDA:35,4,1,17
BRDA:49,5,0,9
BRDA:49,5,1,1
BRDA:49,5,2,6
BRDA:49,5,3,6
BRDA:49,5,4,3
BRDA:49,5,5,9
BRDA:49,5,6,9
BRDA:49,5,7,9
BRDA:54,6,0,0
BRDA:54,6,1,9
BRDA:61,7,0,5
BRDA:61,7,1,2
BRDA:102,8,0,5
BRDA:102,8,1,1
BRDA:108,9,0,5
BRDA:108,9,1,0
BRDA:113,10,0,0
BRDA:113,10,1,1
BRDA:115,11,0,0
BRDA:115,11,1,0
BRF:30
BRH:24
end_of_record
TN:
SF:/Users/nabric/workspace/amadeus-video-player/src/tags/webplayer/templates/components/map/static.tag
FN:4,(anonymous_0)
FN:31,_interopRequireDefault
FN:44,(anonymous_2)
FN:45,(anonymous_3)
FN:50,(anonymous_4)
FN:51,(anonymous_5)
FN:56,(anonymous_6)
FN:85,_callee
FN:87,_callee$
FN:143,(anonymous_9)
FN:147,(anonymous_10)
FNF:11
FNH:11
FNDA:39,(anonymous_0)
FNDA:195,_interopRequireDefault
FNDA:36,(anonymous_2)
FNDA:36,(anonymous_3)
FNDA:153,(anonymous_4)
FNDA:153,(anonymous_5)
FNDA:189,(anonymous_6)
FNDA:26,_callee
FNDA:78,_callee$
FNDA:27,(anonymous_9)
FNDA:189,(anonymous_10)
DA:2,1
DA:4,1
DA:7,39
DA:9,39
DA:11,39
DA:13,39
DA:15,39
DA:17,39
DA:19,39
DA:21,39
DA:23,39
DA:25,39
DA:27,39
DA:29,39
DA:31,195
DA:33,39
DA:35,39
DA:37,39
DA:38,39
DA:40,39
DA:41,39
DA:42,39
DA:44,39
DA:45,36
DA:46,36
DA:50,39
DA:51,153
DA:52,153
DA:56,39
DA:58,189
DA:59,189
DA:60,34
DA:61,34
DA:62,34
DA:63,34
DA:64,34
DA:66,27
DA:67,27
DA:69,27
DA:70,2
DA:71,2
DA:73,25
DA:74,25
DA:75,25
DA:77,27
DA:78,25
DA:80,2
DA:83,27
DA:84,27
DA:85,27
DA:87,26
DA:88,78
DA:89,103
DA:91,26
DA:92,26
DA:93,26
DA:96,25
DA:98,25
DA:99,25
DA:100,25
DA:105,25
DA:107,25
DA:108,25
DA:111,1
DA:112,1
DA:114,1
DA:115,1
DA:118,26
DA:120,26
DA:121,25
DA:122,1
DA:123,1
DA:125,24
DA:128,25
DA:129,25
DA:131,26
DA:135,26
DA:143,39
DA:144,27
DA:147,39
DA:148,189
DA:153,1
DA:154,0
DA:155,0
DA:156,0
LF:85
LH:82
BRDA:31,0,0,195
BRDA:31,0,1,0
BRDA:31,1,0,195
BRDA:31,1,1,195
BRDA:59,2,0,34
BRDA:59,2,1,155
BRDA:59,3,0,189
BRDA:59,3,1,113
BRDA:69,4,0,2
BRDA:69,4,1,25
BRDA:69,5,0,27
BRDA:69,5,1,27
BRDA:71,6,0,2
BRDA:71,6,1,1
BRDA:73,7,0,1
BRDA:73,7,1,24
BRDA:73,8,0,25
BRDA:73,8,1,25
BRDA:75,9,0,24
BRDA:75,9,1,1
BRDA:77,10,0,25
BRDA:77,10,1,2
BRDA:89,11,0,26
BRDA:89,11,1,25
BRDA:89,11,2,1
BRDA:89,11,3,26
BRDA:89,11,4,26
BRDA:89,11,5,26
BRDA:98,12,0,25
BRDA:98,12,1,0
BRDA:101,13,0,0
BRDA:101,13,1,25
BRDA:102,14,0,0
BRDA:102,14,1,25
BRDA:120,15,0,25
BRDA:120,15,1,1
BRDA:121,16,0,1
BRDA:121,16,1,24
BRDA:153,17,0,0
BRDA:153,17,1,1
BRDA:155,18,0,0
BRDA:155,18,1,0
BRF:42
BRH:35
end_of_record
